[0.037s] Invoking command in '/home/vlad/ros2_ws/src/build/pose_interface': CMAKE_PREFIX_PATH=${CMAKE_PREFIX_PATH}:/home/vlad/dev_ws/install/py_srvcli:/home/vlad/ros2_ws/install/tfpose_ros2:/home/vlad/dev_ws/install/py_pubsub:/home/vlad/ros2_foxy/install/ros2bag:/home/vlad/ros2_foxy/install/tracetools_launch:/home/vlad/ros2_foxy/install/topic_monitor:/home/vlad/ros2_foxy/install/examples_tf2_py:/home/vlad/ros2_foxy/install/sros2:/home/vlad/ros2_foxy/install/rqt_topic:/home/vlad/ros2_foxy/install/rqt_reconfigure:/home/vlad/ros2_foxy/install/rqt_action:/home/vlad/ros2_foxy/install/rqt:/home/vlad/ros2_foxy/install/rqt_graph:/home/vlad/ros2_foxy/install/rqt_gui_py:/home/vlad/ros2_foxy/install/rqt_gui:/home/vlad/ros2_foxy/install/ros2trace:/home/vlad/ros2_foxy/install/ros2topic:/home/vlad/ros2_foxy/install/ros2test:/home/vlad/ros2_foxy/install/ros2component:/home/vlad/ros2_foxy/install/ros2param:/home/vlad/ros2_foxy/install/ros2lifecycle:/home/vlad/ros2_foxy/install/ros2service:/home/vlad/ros2_foxy/install/ros2run:/home/vlad/ros2_foxy/install/ros2launch:/home/vlad/ros2_foxy/install/ros2pkg:/home/vlad/ros2_foxy/install/ros2node:/home/vlad/ros2_foxy/install/ros2multicast:/home/vlad/ros2_foxy/install/ros2interface:/home/vlad/ros2_foxy/install/ros2doctor:/home/vlad/ros2_foxy/install/ros2action:/home/vlad/ros2_foxy/install/ros2cli:/home/vlad/ros2_foxy/install/quality_of_service_demo_py:/home/vlad/ros2_foxy/install/launch_testing_ros:/home/vlad/ros2_foxy/install/launch_ros:/home/vlad/ros2_foxy/install/examples_rclpy_minimal_subscriber:/home/vlad/ros2_foxy/install/examples_rclpy_minimal_service:/home/vlad/ros2_foxy/install/examples_rclpy_minimal_publisher:/home/vlad/ros2_foxy/install/examples_rclpy_minimal_client:/home/vlad/ros2_foxy/install/examples_rclpy_minimal_action_server:/home/vlad/ros2_foxy/install/examples_rclpy_minimal_action_client:/home/vlad/ros2_foxy/install/examples_rclpy_executors:/home/vlad/ros2_foxy/install/demo_nodes_py:/home/vlad/ros2_foxy/install/action_tutorials_py:/home/vlad/ros2_foxy/install/ament_uncrustify:/home/vlad/ros2_foxy/install/tracetools_trace:/home/vlad/ros2_foxy/install/tracetools_read:/home/vlad/ros2_foxy/install/test_launch_ros:/home/vlad/ros2_foxy/install/rpyutils:/home/vlad/ros2_foxy/install/rosidl_runtime_py:/home/vlad/ros2_foxy/install/launch_yaml:/home/vlad/ros2_foxy/install/launch_xml:/home/vlad/ros2_foxy/install/launch_testing:/home/vlad/ros2_foxy/install/launch:/home/vlad/ros2_foxy/install/osrf_pycommon:/home/vlad/ros2_foxy/install/domain_coordinator:/home/vlad/ros2_foxy/install/ament_xmllint:/home/vlad/ros2_foxy/install/ament_pyflakes:/home/vlad/ros2_foxy/install/ament_pycodestyle:/home/vlad/ros2_foxy/install/ament_pep257:/home/vlad/ros2_foxy/install/ament_pclint:/home/vlad/ros2_foxy/install/ament_package:/home/vlad/ros2_foxy/install/ament_mypy:/home/vlad/ros2_foxy/install/ament_lint_cmake:/home/vlad/ros2_foxy/install/ament_flake8:/home/vlad/ros2_foxy/install/ament_copyright:/home/vlad/ros2_foxy/install/ament_lint:/home/vlad/ros2_foxy/install/ament_index_python:/home/vlad/ros2_foxy/install/ament_cpplint:/home/vlad/ros2_foxy/install/ament_cppcheck:/home/vlad/ros2_foxy/install/ament_clang_tidy:/home/vlad/ros2_foxy/install/ament_clang_format:/opt/ros/foxy /usr/bin/cmake /home/vlad/ros2_ws/src/pose_interface -DCMAKE_INSTALL_PREFIX=/home/vlad/ros2_ws/src/install/pose_interface
[0.067s] -- Found ament_cmake: 0.9.7 (/home/vlad/ros2_foxy/install/ament_cmake/share/ament_cmake/cmake)
[0.368s] -- Found PythonInterp: /usr/bin/python3 (found suitable version "3.8.5", minimum required is "3") 
[0.368s] -- Using PYTHON_EXECUTABLE: /usr/bin/python3
[0.910s] -- Found rosidl_default_generators: 1.0.0 (/home/vlad/ros2_foxy/install/rosidl_default_generators/share/rosidl_default_generators/cmake)
[1.036s] -- Using all available rosidl_typesupport_c: rosidl_typesupport_introspection_c;rosidl_typesupport_fastrtps_c
[1.039s] -- Found rosidl_adapter: 1.1.0 (/home/vlad/ros2_foxy/install/rosidl_adapter/share/rosidl_adapter/cmake)
[1.287s] -- Using all available rosidl_typesupport_cpp: rosidl_typesupport_introspection_cpp;rosidl_typesupport_fastrtps_cpp
[1.611s] -- Found PythonInterp: /usr/bin/python3 (found version "3.8.5") 
[2.444s] -- Found ament_cmake_ros: 0.9.0 (/home/vlad/ros2_foxy/install/ament_cmake_ros/share/ament_cmake_ros/cmake)
[2.894s] -- Using all available rosidl_typesupport_c: rosidl_typesupport_introspection_c;rosidl_typesupport_fastrtps_c
[3.046s] -- Using all available rosidl_typesupport_cpp: rosidl_typesupport_introspection_cpp;rosidl_typesupport_fastrtps_cpp
[3.426s] -- Found PythonInterp: /usr/bin/python3 (found suitable version "3.8.5", minimum required is "3.5") 
[3.440s] -- Found python_cmake_module: 0.8.0 (/home/vlad/ros2_foxy/install/python_cmake_module/share/python_cmake_module/cmake)
[3.766s] -- Found PythonLibs: /usr/lib/x86_64-linux-gnu/libpython3.8.so (found suitable version "3.8.5", minimum required is "3.5") 
[3.766s] -- Using PYTHON_EXECUTABLE: /usr/bin/python3
[3.766s] -- Using PYTHON_INCLUDE_DIRS: /usr/include/python3.8
[3.766s] -- Using PYTHON_LIBRARIES: /usr/lib/x86_64-linux-gnu/libpython3.8.so
[4.081s] -- Found PythonExtra: .so  
[4.831s] -- Found ament_lint_auto: 0.9.5 (/home/vlad/ros2_foxy/install/ament_lint_auto/share/ament_lint_auto/cmake)
[4.964s] -- Added test 'copyright' to check source files copyright and LICENSE
[4.969s] -- Added test 'lint_cmake' to check CMake code style
[4.974s] -- Added test 'xmllint' to check XML markup files
[4.985s] -- Configuring done
[5.016s] -- Generating done
[5.019s] -- Build files have been written to: /home/vlad/ros2_ws/src/build/pose_interface
[5.024s] Invoked command in '/home/vlad/ros2_ws/src/build/pose_interface' returned '0': CMAKE_PREFIX_PATH=${CMAKE_PREFIX_PATH}:/home/vlad/dev_ws/install/py_srvcli:/home/vlad/ros2_ws/install/tfpose_ros2:/home/vlad/dev_ws/install/py_pubsub:/home/vlad/ros2_foxy/install/ros2bag:/home/vlad/ros2_foxy/install/tracetools_launch:/home/vlad/ros2_foxy/install/topic_monitor:/home/vlad/ros2_foxy/install/examples_tf2_py:/home/vlad/ros2_foxy/install/sros2:/home/vlad/ros2_foxy/install/rqt_topic:/home/vlad/ros2_foxy/install/rqt_reconfigure:/home/vlad/ros2_foxy/install/rqt_action:/home/vlad/ros2_foxy/install/rqt:/home/vlad/ros2_foxy/install/rqt_graph:/home/vlad/ros2_foxy/install/rqt_gui_py:/home/vlad/ros2_foxy/install/rqt_gui:/home/vlad/ros2_foxy/install/ros2trace:/home/vlad/ros2_foxy/install/ros2topic:/home/vlad/ros2_foxy/install/ros2test:/home/vlad/ros2_foxy/install/ros2component:/home/vlad/ros2_foxy/install/ros2param:/home/vlad/ros2_foxy/install/ros2lifecycle:/home/vlad/ros2_foxy/install/ros2service:/home/vlad/ros2_foxy/install/ros2run:/home/vlad/ros2_foxy/install/ros2launch:/home/vlad/ros2_foxy/install/ros2pkg:/home/vlad/ros2_foxy/install/ros2node:/home/vlad/ros2_foxy/install/ros2multicast:/home/vlad/ros2_foxy/install/ros2interface:/home/vlad/ros2_foxy/install/ros2doctor:/home/vlad/ros2_foxy/install/ros2action:/home/vlad/ros2_foxy/install/ros2cli:/home/vlad/ros2_foxy/install/quality_of_service_demo_py:/home/vlad/ros2_foxy/install/launch_testing_ros:/home/vlad/ros2_foxy/install/launch_ros:/home/vlad/ros2_foxy/install/examples_rclpy_minimal_subscriber:/home/vlad/ros2_foxy/install/examples_rclpy_minimal_service:/home/vlad/ros2_foxy/install/examples_rclpy_minimal_publisher:/home/vlad/ros2_foxy/install/examples_rclpy_minimal_client:/home/vlad/ros2_foxy/install/examples_rclpy_minimal_action_server:/home/vlad/ros2_foxy/install/examples_rclpy_minimal_action_client:/home/vlad/ros2_foxy/install/examples_rclpy_executors:/home/vlad/ros2_foxy/install/demo_nodes_py:/home/vlad/ros2_foxy/install/action_tutorials_py:/home/vlad/ros2_foxy/install/ament_uncrustify:/home/vlad/ros2_foxy/install/tracetools_trace:/home/vlad/ros2_foxy/install/tracetools_read:/home/vlad/ros2_foxy/install/test_launch_ros:/home/vlad/ros2_foxy/install/rpyutils:/home/vlad/ros2_foxy/install/rosidl_runtime_py:/home/vlad/ros2_foxy/install/launch_yaml:/home/vlad/ros2_foxy/install/launch_xml:/home/vlad/ros2_foxy/install/launch_testing:/home/vlad/ros2_foxy/install/launch:/home/vlad/ros2_foxy/install/osrf_pycommon:/home/vlad/ros2_foxy/install/domain_coordinator:/home/vlad/ros2_foxy/install/ament_xmllint:/home/vlad/ros2_foxy/install/ament_pyflakes:/home/vlad/ros2_foxy/install/ament_pycodestyle:/home/vlad/ros2_foxy/install/ament_pep257:/home/vlad/ros2_foxy/install/ament_pclint:/home/vlad/ros2_foxy/install/ament_package:/home/vlad/ros2_foxy/install/ament_mypy:/home/vlad/ros2_foxy/install/ament_lint_cmake:/home/vlad/ros2_foxy/install/ament_flake8:/home/vlad/ros2_foxy/install/ament_copyright:/home/vlad/ros2_foxy/install/ament_lint:/home/vlad/ros2_foxy/install/ament_index_python:/home/vlad/ros2_foxy/install/ament_cpplint:/home/vlad/ros2_foxy/install/ament_cppcheck:/home/vlad/ros2_foxy/install/ament_clang_tidy:/home/vlad/ros2_foxy/install/ament_clang_format:/opt/ros/foxy /usr/bin/cmake /home/vlad/ros2_ws/src/pose_interface -DCMAKE_INSTALL_PREFIX=/home/vlad/ros2_ws/src/install/pose_interface
[5.027s] Invoking command in '/home/vlad/ros2_ws/src/build/pose_interface': CMAKE_PREFIX_PATH=${CMAKE_PREFIX_PATH}:/home/vlad/dev_ws/install/py_srvcli:/home/vlad/ros2_ws/install/tfpose_ros2:/home/vlad/dev_ws/install/py_pubsub:/home/vlad/ros2_foxy/install/ros2bag:/home/vlad/ros2_foxy/install/tracetools_launch:/home/vlad/ros2_foxy/install/topic_monitor:/home/vlad/ros2_foxy/install/examples_tf2_py:/home/vlad/ros2_foxy/install/sros2:/home/vlad/ros2_foxy/install/rqt_topic:/home/vlad/ros2_foxy/install/rqt_reconfigure:/home/vlad/ros2_foxy/install/rqt_action:/home/vlad/ros2_foxy/install/rqt:/home/vlad/ros2_foxy/install/rqt_graph:/home/vlad/ros2_foxy/install/rqt_gui_py:/home/vlad/ros2_foxy/install/rqt_gui:/home/vlad/ros2_foxy/install/ros2trace:/home/vlad/ros2_foxy/install/ros2topic:/home/vlad/ros2_foxy/install/ros2test:/home/vlad/ros2_foxy/install/ros2component:/home/vlad/ros2_foxy/install/ros2param:/home/vlad/ros2_foxy/install/ros2lifecycle:/home/vlad/ros2_foxy/install/ros2service:/home/vlad/ros2_foxy/install/ros2run:/home/vlad/ros2_foxy/install/ros2launch:/home/vlad/ros2_foxy/install/ros2pkg:/home/vlad/ros2_foxy/install/ros2node:/home/vlad/ros2_foxy/install/ros2multicast:/home/vlad/ros2_foxy/install/ros2interface:/home/vlad/ros2_foxy/install/ros2doctor:/home/vlad/ros2_foxy/install/ros2action:/home/vlad/ros2_foxy/install/ros2cli:/home/vlad/ros2_foxy/install/quality_of_service_demo_py:/home/vlad/ros2_foxy/install/launch_testing_ros:/home/vlad/ros2_foxy/install/launch_ros:/home/vlad/ros2_foxy/install/examples_rclpy_minimal_subscriber:/home/vlad/ros2_foxy/install/examples_rclpy_minimal_service:/home/vlad/ros2_foxy/install/examples_rclpy_minimal_publisher:/home/vlad/ros2_foxy/install/examples_rclpy_minimal_client:/home/vlad/ros2_foxy/install/examples_rclpy_minimal_action_server:/home/vlad/ros2_foxy/install/examples_rclpy_minimal_action_client:/home/vlad/ros2_foxy/install/examples_rclpy_executors:/home/vlad/ros2_foxy/install/demo_nodes_py:/home/vlad/ros2_foxy/install/action_tutorials_py:/home/vlad/ros2_foxy/install/ament_uncrustify:/home/vlad/ros2_foxy/install/tracetools_trace:/home/vlad/ros2_foxy/install/tracetools_read:/home/vlad/ros2_foxy/install/test_launch_ros:/home/vlad/ros2_foxy/install/rpyutils:/home/vlad/ros2_foxy/install/rosidl_runtime_py:/home/vlad/ros2_foxy/install/launch_yaml:/home/vlad/ros2_foxy/install/launch_xml:/home/vlad/ros2_foxy/install/launch_testing:/home/vlad/ros2_foxy/install/launch:/home/vlad/ros2_foxy/install/osrf_pycommon:/home/vlad/ros2_foxy/install/domain_coordinator:/home/vlad/ros2_foxy/install/ament_xmllint:/home/vlad/ros2_foxy/install/ament_pyflakes:/home/vlad/ros2_foxy/install/ament_pycodestyle:/home/vlad/ros2_foxy/install/ament_pep257:/home/vlad/ros2_foxy/install/ament_pclint:/home/vlad/ros2_foxy/install/ament_package:/home/vlad/ros2_foxy/install/ament_mypy:/home/vlad/ros2_foxy/install/ament_lint_cmake:/home/vlad/ros2_foxy/install/ament_flake8:/home/vlad/ros2_foxy/install/ament_copyright:/home/vlad/ros2_foxy/install/ament_lint:/home/vlad/ros2_foxy/install/ament_index_python:/home/vlad/ros2_foxy/install/ament_cpplint:/home/vlad/ros2_foxy/install/ament_cppcheck:/home/vlad/ros2_foxy/install/ament_clang_tidy:/home/vlad/ros2_foxy/install/ament_clang_format:/opt/ros/foxy /usr/bin/cmake --build /home/vlad/ros2_ws/src/build/pose_interface -- -j12 -l12
[5.114s] [  1%] [34m[1mGenerating C code for ROS interfaces[0m
[5.114s] [35m[1mScanning dependencies of target pose_interface__cpp[0m
[5.138s] [  3%] [34m[1mGenerating C++ code for ROS interfaces[0m
[5.847s] [35m[1mScanning dependencies of target pose_interface__rosidl_generator_c[0m
[5.850s] [  3%] Built target pose_interface__cpp
[5.874s] [  9%] [32mBuilding C object CMakeFiles/pose_interface__rosidl_generator_c.dir/rosidl_generator_c/pose_interface/msg/detail/body_part_elm__functions.c.o[0m
[5.874s] [  9%] [32mBuilding C object CMakeFiles/pose_interface__rosidl_generator_c.dir/rosidl_generator_c/pose_interface/msg/detail/person__functions.c.o[0m
[5.874s] [  9%] [32mBuilding C object CMakeFiles/pose_interface__rosidl_generator_c.dir/rosidl_generator_c/pose_interface/msg/detail/persons__functions.c.o[0m
[5.874s] [ 10%] [32mBuilding C object CMakeFiles/pose_interface__rosidl_generator_c.dir/rosidl_generator_c/pose_interface/srv/detail/get_pose__functions.c.o[0m
[5.877s] [ 12%] [34m[1mGenerating C++ type support for eProsima Fast-RTPS[0m
[5.884s] [ 14%] [34m[1mGenerating C++ introspection for ROS interfaces[0m
[5.885s] [ 16%] [34m[1mGenerating C++ type support dispatch for ROS interfaces[0m
[5.890s] In file included from [01m[K/home/vlad/ros2_ws/src/build/pose_interface/rosidl_generator_c/pose_interface/msg/detail/persons__functions.h:19[m[K,
[5.891s]                  from [01m[K/home/vlad/ros2_ws/src/build/pose_interface/rosidl_generator_c/pose_interface/msg/detail/persons__functions.c:4[m[K:
[5.891s] [01m[K/home/vlad/ros2_ws/src/build/pose_interface/rosidl_generator_c/pose_interface/msg/detail/persons__struct.h:24:10:[m[K [01;31m[Kfatal error: [m[Kpose_interface/msg/detail/header__struct.h: No such file or directory
[5.891s]    24 | #include [01;31m[K"pose_interface/msg/detail/header__struct.h"[m[K
[5.891s]       |          [01;31m[K^~~~~~~~~~~~~~~~~~~~~~~~~~~~~~~~~~~~~~~~~~~~[m[K
[5.891s] compilation terminated.
[5.891s] make[2]: *** [CMakeFiles/pose_interface__rosidl_generator_c.dir/build.make:166: CMakeFiles/pose_interface__rosidl_generator_c.dir/rosidl_generator_c/pose_interface/msg/detail/persons__functions.c.o] Error 1
[5.891s] make[2]: *** Waiting for unfinished jobs....
[5.898s] In file included from [01m[K/home/vlad/ros2_ws/src/build/pose_interface/rosidl_generator_c/pose_interface/srv/detail/get_pose__struct.h:41[m[K,
[5.899s]                  from [01m[K/home/vlad/ros2_ws/src/build/pose_interface/rosidl_generator_c/pose_interface/srv/detail/get_pose__functions.h:19[m[K,
[5.899s]                  from [01m[K/home/vlad/ros2_ws/src/build/pose_interface/rosidl_generator_c/pose_interface/srv/detail/get_pose__functions.c:4[m[K:
[5.899s] [01m[K/home/vlad/ros2_ws/src/build/pose_interface/rosidl_generator_c/pose_interface/msg/detail/persons__struct.h:24:10:[m[K [01;31m[Kfatal error: [m[Kpose_interface/msg/detail/header__struct.h: No such file or directory
[5.899s]    24 | #include [01;31m[K"pose_interface/msg/detail/header__struct.h"[m[K
[5.899s]       |          [01;31m[K^~~~~~~~~~~~~~~~~~~~~~~~~~~~~~~~~~~~~~~~~~~~[m[K
[5.899s] compilation terminated.
[5.899s] make[2]: *** [CMakeFiles/pose_interface__rosidl_generator_c.dir/build.make:179: CMakeFiles/pose_interface__rosidl_generator_c.dir/rosidl_generator_c/pose_interface/srv/detail/get_pose__functions.c.o] Error 1
[5.916s] make[1]: *** [CMakeFiles/Makefile2:362: CMakeFiles/pose_interface__rosidl_generator_c.dir/all] Error 2
[5.916s] make[1]: *** Waiting for unfinished jobs....
[6.493s] [35m[1mScanning dependencies of target pose_interface__rosidl_typesupport_cpp[0m
[6.510s] [35m[1mScanning dependencies of target pose_interface__rosidl_typesupport_introspection_cpp[0m
[6.528s] [ 20%] [32mBuilding CXX object CMakeFiles/pose_interface__rosidl_typesupport_cpp.dir/rosidl_typesupport_cpp/pose_interface/msg/persons__type_support.cpp.o[0m
[6.528s] [ 20%] [32mBuilding CXX object CMakeFiles/pose_interface__rosidl_typesupport_cpp.dir/rosidl_typesupport_cpp/pose_interface/msg/person__type_support.cpp.o[0m
[6.528s] [ 21%] [32mBuilding CXX object CMakeFiles/pose_interface__rosidl_typesupport_cpp.dir/rosidl_typesupport_cpp/pose_interface/msg/body_part_elm__type_support.cpp.o[0m
[6.530s] [ 23%] [32mBuilding CXX object CMakeFiles/pose_interface__rosidl_typesupport_cpp.dir/rosidl_typesupport_cpp/pose_interface/srv/get_pose__type_support.cpp.o[0m
[6.554s] [ 25%] [32mBuilding CXX object CMakeFiles/pose_interface__rosidl_typesupport_introspection_cpp.dir/rosidl_typesupport_introspection_cpp/pose_interface/msg/detail/body_part_elm__type_support.cpp.o[0m
[6.570s] [ 27%] [32mBuilding CXX object CMakeFiles/pose_interface__rosidl_typesupport_introspection_cpp.dir/rosidl_typesupport_introspection_cpp/pose_interface/srv/detail/get_pose__type_support.cpp.o[0m
[6.575s] [ 29%] [32mBuilding CXX object CMakeFiles/pose_interface__rosidl_typesupport_introspection_cpp.dir/rosidl_typesupport_introspection_cpp/pose_interface/msg/detail/person__type_support.cpp.o[0m
[6.577s] [ 30%] [32mBuilding CXX object CMakeFiles/pose_interface__rosidl_typesupport_introspection_cpp.dir/rosidl_typesupport_introspection_cpp/pose_interface/msg/detail/persons__type_support.cpp.o[0m
[6.580s] [35m[1mScanning dependencies of target pose_interface__rosidl_typesupport_fastrtps_cpp[0m
[6.617s] In file included from [01m[K/home/vlad/ros2_ws/src/build/pose_interface/rosidl_generator_cpp/pose_interface/srv/detail/get_pose__struct.hpp:126[m[K,
[6.618s]                  from [01m[K/home/vlad/ros2_ws/src/build/pose_interface/rosidl_typesupport_cpp/pose_interface/srv/get_pose__type_support.cpp:7[m[K:
[6.618s] [01m[K/home/vlad/ros2_ws/src/build/pose_interface/rosidl_generator_cpp/pose_interface/msg/detail/persons__struct.hpp:21:10:[m[K [01;31m[Kfatal error: [m[Kpose_interface/msg/detail/header__struct.hpp: No such file or directory
[6.618s]    21 | #include [01;31m[K"pose_interface/msg/detail/header__struct.hpp"[m[K
[6.618s]       |          [01;31m[K^~~~~~~~~~~~~~~~~~~~~~~~~~~~~~~~~~~~~~~~~~~~~~[m[K
[6.618s] compilation terminated.
[6.620s] In file included from [01m[K/home/vlad/ros2_ws/src/build/pose_interface/rosidl_typesupport_cpp/pose_interface/msg/persons__type_support.cpp:7[m[K:
[6.620s] [01m[K/home/vlad/ros2_ws/src/build/pose_interface/rosidl_generator_cpp/pose_interface/msg/detail/persons__struct.hpp:21:10:[m[K [01;31m[Kfatal error: [m[Kpose_interface/msg/detail/header__struct.hpp: No such file or directory
[6.621s]    21 | #include [01;31m[K"pose_interface/msg/detail/header__struct.hpp"[m[K
[6.621s]       |          [01;31m[K^~~~~~~~~~~~~~~~~~~~~~~~~~~~~~~~~~~~~~~~~~~~~~[m[K
[6.621s] compilation terminated.
[6.622s] make[2]: *** [CMakeFiles/pose_interface__rosidl_typesupport_cpp.dir/build.make:124: CMakeFiles/pose_interface__rosidl_typesupport_cpp.dir/rosidl_typesupport_cpp/pose_interface/srv/get_pose__type_support.cpp.o] Error 1
[6.622s] make[2]: *** Waiting for unfinished jobs....
[6.622s] make[2]: *** [CMakeFiles/pose_interface__rosidl_typesupport_cpp.dir/build.make:111: CMakeFiles/pose_interface__rosidl_typesupport_cpp.dir/rosidl_typesupport_cpp/pose_interface/msg/persons__type_support.cpp.o] Error 1
[6.632s] [ 32%] [32mBuilding CXX object CMakeFiles/pose_interface__rosidl_typesupport_fastrtps_cpp.dir/rosidl_typesupport_fastrtps_cpp/pose_interface/msg/detail/dds_fastrtps/person__type_support.cpp.o[0m
[6.636s] [ 36%] [32mBuilding CXX object CMakeFiles/pose_interface__rosidl_typesupport_fastrtps_cpp.dir/rosidl_typesupport_fastrtps_cpp/pose_interface/msg/detail/dds_fastrtps/body_part_elm__type_support.cpp.o[0m
[6.636s] [ 36%] [32mBuilding CXX object CMakeFiles/pose_interface__rosidl_typesupport_fastrtps_cpp.dir/rosidl_typesupport_fastrtps_cpp/pose_interface/msg/detail/dds_fastrtps/persons__type_support.cpp.o[0m
[6.640s] [ 38%] [32mBuilding CXX object CMakeFiles/pose_interface__rosidl_typesupport_fastrtps_cpp.dir/rosidl_typesupport_fastrtps_cpp/pose_interface/srv/detail/dds_fastrtps/get_pose__type_support.cpp.o[0m
[6.645s] In file included from [01m[K/home/vlad/ros2_ws/src/build/pose_interface/rosidl_generator_cpp/pose_interface/srv/detail/get_pose__struct.hpp:126[m[K,
[6.646s]                  from [01m[K/home/vlad/ros2_ws/src/build/pose_interface/rosidl_typesupport_introspection_cpp/pose_interface/srv/detail/get_pose__type_support.cpp:12[m[K:
[6.646s] [01m[K/home/vlad/ros2_ws/src/build/pose_interface/rosidl_generator_cpp/pose_interface/msg/detail/persons__struct.hpp:21:10:[m[K [01;31m[Kfatal error: [m[Kpose_interface/msg/detail/header__struct.hpp: No such file or directory
[6.646s]    21 | #include [01;31m[K"pose_interface/msg/detail/header__struct.hpp"[m[K
[6.646s]       |          [01;31m[K^~~~~~~~~~~~~~~~~~~~~~~~~~~~~~~~~~~~~~~~~~~~~~[m[K
[6.646s] compilation terminated.
[6.647s] make[2]: *** [CMakeFiles/pose_interface__rosidl_typesupport_introspection_cpp.dir/build.make:138: CMakeFiles/pose_interface__rosidl_typesupport_introspection_cpp.dir/rosidl_typesupport_introspection_cpp/pose_interface/srv/detail/get_pose__type_support.cpp.o] Error 1
[6.647s] make[2]: *** Waiting for unfinished jobs....
[6.665s] In file included from [01m[K/home/vlad/ros2_ws/src/build/pose_interface/rosidl_typesupport_introspection_cpp/pose_interface/msg/detail/persons__type_support.cpp:12[m[K:
[6.666s] [01m[K/home/vlad/ros2_ws/src/build/pose_interface/rosidl_generator_cpp/pose_interface/msg/detail/persons__struct.hpp:21:10:[m[K [01;31m[Kfatal error: [m[Kpose_interface/msg/detail/header__struct.hpp: No such file or directory
[6.666s]    21 | #include [01;31m[K"pose_interface/msg/detail/header__struct.hpp"[m[K
[6.666s]       |          [01;31m[K^~~~~~~~~~~~~~~~~~~~~~~~~~~~~~~~~~~~~~~~~~~~~~[m[K
[6.666s] compilation terminated.
[6.667s] make[2]: *** [CMakeFiles/pose_interface__rosidl_typesupport_introspection_cpp.dir/build.make:125: CMakeFiles/pose_interface__rosidl_typesupport_introspection_cpp.dir/rosidl_typesupport_introspection_cpp/pose_interface/msg/detail/persons__type_support.cpp.o] Error 1
[6.706s] In file included from [01m[K/home/vlad/ros2_ws/src/build/pose_interface/rosidl_generator_cpp/pose_interface/srv/detail/get_pose__struct.hpp:126[m[K,
[6.707s]                  from [01m[K/home/vlad/ros2_ws/src/build/pose_interface/rosidl_typesupport_fastrtps_cpp/pose_interface/srv/detail/get_pose__rosidl_typesupport_fastrtps_cpp.hpp:11[m[K,
[6.707s]                  from [01m[K/home/vlad/ros2_ws/src/build/pose_interface/rosidl_typesupport_fastrtps_cpp/pose_interface/srv/detail/dds_fastrtps/get_pose__type_support.cpp:4[m[K:
[6.707s] [01m[K/home/vlad/ros2_ws/src/build/pose_interface/rosidl_generator_cpp/pose_interface/msg/detail/persons__struct.hpp:21:10:[m[K [01;31m[Kfatal error: [m[Kpose_interface/msg/detail/header__struct.hpp: No such file or directory
[6.707s]    21 | #include [01;31m[K"pose_interface/msg/detail/header__struct.hpp"[m[K
[6.707s]       |          [01;31m[K^~~~~~~~~~~~~~~~~~~~~~~~~~~~~~~~~~~~~~~~~~~~~~[m[K
[6.707s] compilation terminated.
[6.708s] make[2]: *** [CMakeFiles/pose_interface__rosidl_typesupport_fastrtps_cpp.dir/build.make:138: CMakeFiles/pose_interface__rosidl_typesupport_fastrtps_cpp.dir/rosidl_typesupport_fastrtps_cpp/pose_interface/srv/detail/dds_fastrtps/get_pose__type_support.cpp.o] Error 1
[6.708s] make[2]: *** Waiting for unfinished jobs....
[6.732s] In file included from [01m[K/home/vlad/ros2_ws/src/build/pose_interface/rosidl_typesupport_fastrtps_cpp/pose_interface/msg/detail/persons__rosidl_typesupport_fastrtps_cpp.hpp:11[m[K,
[6.732s]                  from [01m[K/home/vlad/ros2_ws/src/build/pose_interface/rosidl_typesupport_fastrtps_cpp/pose_interface/msg/detail/dds_fastrtps/persons__type_support.cpp:4[m[K:
[6.732s] [01m[K/home/vlad/ros2_ws/src/build/pose_interface/rosidl_generator_cpp/pose_interface/msg/detail/persons__struct.hpp:21:10:[m[K [01;31m[Kfatal error: [m[Kpose_interface/msg/detail/header__struct.hpp: No such file or directory
[6.732s]    21 | #include [01;31m[K"pose_interface/msg/detail/header__struct.hpp"[m[K
[6.733s]       |          [01;31m[K^~~~~~~~~~~~~~~~~~~~~~~~~~~~~~~~~~~~~~~~~~~~~~[m[K
[6.733s] compilation terminated.
[6.734s] make[2]: *** [CMakeFiles/pose_interface__rosidl_typesupport_fastrtps_cpp.dir/build.make:125: CMakeFiles/pose_interface__rosidl_typesupport_fastrtps_cpp.dir/rosidl_typesupport_fastrtps_cpp/pose_interface/msg/detail/dds_fastrtps/persons__type_support.cpp.o] Error 1
[6.844s] make[1]: *** [CMakeFiles/Makefile2:526: CMakeFiles/pose_interface__rosidl_typesupport_cpp.dir/all] Error 2
[6.908s] make[1]: *** [CMakeFiles/Makefile2:278: CMakeFiles/pose_interface__rosidl_typesupport_introspection_cpp.dir/all] Error 2
[7.090s] make[1]: *** [CMakeFiles/Makefile2:445: CMakeFiles/pose_interface__rosidl_typesupport_fastrtps_cpp.dir/all] Error 2
[7.090s] make: *** [Makefile:141: all] Error 2
[7.092s] Invoked command in '/home/vlad/ros2_ws/src/build/pose_interface' returned '2': CMAKE_PREFIX_PATH=${CMAKE_PREFIX_PATH}:/home/vlad/dev_ws/install/py_srvcli:/home/vlad/ros2_ws/install/tfpose_ros2:/home/vlad/dev_ws/install/py_pubsub:/home/vlad/ros2_foxy/install/ros2bag:/home/vlad/ros2_foxy/install/tracetools_launch:/home/vlad/ros2_foxy/install/topic_monitor:/home/vlad/ros2_foxy/install/examples_tf2_py:/home/vlad/ros2_foxy/install/sros2:/home/vlad/ros2_foxy/install/rqt_topic:/home/vlad/ros2_foxy/install/rqt_reconfigure:/home/vlad/ros2_foxy/install/rqt_action:/home/vlad/ros2_foxy/install/rqt:/home/vlad/ros2_foxy/install/rqt_graph:/home/vlad/ros2_foxy/install/rqt_gui_py:/home/vlad/ros2_foxy/install/rqt_gui:/home/vlad/ros2_foxy/install/ros2trace:/home/vlad/ros2_foxy/install/ros2topic:/home/vlad/ros2_foxy/install/ros2test:/home/vlad/ros2_foxy/install/ros2component:/home/vlad/ros2_foxy/install/ros2param:/home/vlad/ros2_foxy/install/ros2lifecycle:/home/vlad/ros2_foxy/install/ros2service:/home/vlad/ros2_foxy/install/ros2run:/home/vlad/ros2_foxy/install/ros2launch:/home/vlad/ros2_foxy/install/ros2pkg:/home/vlad/ros2_foxy/install/ros2node:/home/vlad/ros2_foxy/install/ros2multicast:/home/vlad/ros2_foxy/install/ros2interface:/home/vlad/ros2_foxy/install/ros2doctor:/home/vlad/ros2_foxy/install/ros2action:/home/vlad/ros2_foxy/install/ros2cli:/home/vlad/ros2_foxy/install/quality_of_service_demo_py:/home/vlad/ros2_foxy/install/launch_testing_ros:/home/vlad/ros2_foxy/install/launch_ros:/home/vlad/ros2_foxy/install/examples_rclpy_minimal_subscriber:/home/vlad/ros2_foxy/install/examples_rclpy_minimal_service:/home/vlad/ros2_foxy/install/examples_rclpy_minimal_publisher:/home/vlad/ros2_foxy/install/examples_rclpy_minimal_client:/home/vlad/ros2_foxy/install/examples_rclpy_minimal_action_server:/home/vlad/ros2_foxy/install/examples_rclpy_minimal_action_client:/home/vlad/ros2_foxy/install/examples_rclpy_executors:/home/vlad/ros2_foxy/install/demo_nodes_py:/home/vlad/ros2_foxy/install/action_tutorials_py:/home/vlad/ros2_foxy/install/ament_uncrustify:/home/vlad/ros2_foxy/install/tracetools_trace:/home/vlad/ros2_foxy/install/tracetools_read:/home/vlad/ros2_foxy/install/test_launch_ros:/home/vlad/ros2_foxy/install/rpyutils:/home/vlad/ros2_foxy/install/rosidl_runtime_py:/home/vlad/ros2_foxy/install/launch_yaml:/home/vlad/ros2_foxy/install/launch_xml:/home/vlad/ros2_foxy/install/launch_testing:/home/vlad/ros2_foxy/install/launch:/home/vlad/ros2_foxy/install/osrf_pycommon:/home/vlad/ros2_foxy/install/domain_coordinator:/home/vlad/ros2_foxy/install/ament_xmllint:/home/vlad/ros2_foxy/install/ament_pyflakes:/home/vlad/ros2_foxy/install/ament_pycodestyle:/home/vlad/ros2_foxy/install/ament_pep257:/home/vlad/ros2_foxy/install/ament_pclint:/home/vlad/ros2_foxy/install/ament_package:/home/vlad/ros2_foxy/install/ament_mypy:/home/vlad/ros2_foxy/install/ament_lint_cmake:/home/vlad/ros2_foxy/install/ament_flake8:/home/vlad/ros2_foxy/install/ament_copyright:/home/vlad/ros2_foxy/install/ament_lint:/home/vlad/ros2_foxy/install/ament_index_python:/home/vlad/ros2_foxy/install/ament_cpplint:/home/vlad/ros2_foxy/install/ament_cppcheck:/home/vlad/ros2_foxy/install/ament_clang_tidy:/home/vlad/ros2_foxy/install/ament_clang_format:/opt/ros/foxy /usr/bin/cmake --build /home/vlad/ros2_ws/src/build/pose_interface -- -j12 -l12
