[0.037s] Invoking command in '/home/vlad/ros2_ws/build/pose_interface': CMAKE_PREFIX_PATH=${CMAKE_PREFIX_PATH}:/home/vlad/dev_ws/install/py_srvcli:/home/vlad/ros2_ws/install/tfpose_ros2:/home/vlad/dev_ws/install/py_pubsub:/home/vlad/ros2_foxy/install/ros2bag:/home/vlad/ros2_foxy/install/tracetools_launch:/home/vlad/ros2_foxy/install/topic_monitor:/home/vlad/ros2_foxy/install/examples_tf2_py:/home/vlad/ros2_foxy/install/sros2:/home/vlad/ros2_foxy/install/rqt_topic:/home/vlad/ros2_foxy/install/rqt_reconfigure:/home/vlad/ros2_foxy/install/rqt_action:/home/vlad/ros2_foxy/install/rqt:/home/vlad/ros2_foxy/install/rqt_graph:/home/vlad/ros2_foxy/install/rqt_gui_py:/home/vlad/ros2_foxy/install/rqt_gui:/home/vlad/ros2_foxy/install/ros2trace:/home/vlad/ros2_foxy/install/ros2topic:/home/vlad/ros2_foxy/install/ros2test:/home/vlad/ros2_foxy/install/ros2component:/home/vlad/ros2_foxy/install/ros2param:/home/vlad/ros2_foxy/install/ros2lifecycle:/home/vlad/ros2_foxy/install/ros2service:/home/vlad/ros2_foxy/install/ros2run:/home/vlad/ros2_foxy/install/ros2launch:/home/vlad/ros2_foxy/install/ros2pkg:/home/vlad/ros2_foxy/install/ros2node:/home/vlad/ros2_foxy/install/ros2multicast:/home/vlad/ros2_foxy/install/ros2interface:/home/vlad/ros2_foxy/install/ros2doctor:/home/vlad/ros2_foxy/install/ros2action:/home/vlad/ros2_foxy/install/ros2cli:/home/vlad/ros2_foxy/install/quality_of_service_demo_py:/home/vlad/ros2_foxy/install/launch_testing_ros:/home/vlad/ros2_foxy/install/launch_ros:/home/vlad/ros2_foxy/install/examples_rclpy_minimal_subscriber:/home/vlad/ros2_foxy/install/examples_rclpy_minimal_service:/home/vlad/ros2_foxy/install/examples_rclpy_minimal_publisher:/home/vlad/ros2_foxy/install/examples_rclpy_minimal_client:/home/vlad/ros2_foxy/install/examples_rclpy_minimal_action_server:/home/vlad/ros2_foxy/install/examples_rclpy_minimal_action_client:/home/vlad/ros2_foxy/install/examples_rclpy_executors:/home/vlad/ros2_foxy/install/demo_nodes_py:/home/vlad/ros2_foxy/install/action_tutorials_py:/home/vlad/ros2_foxy/install/ament_uncrustify:/home/vlad/ros2_foxy/install/tracetools_trace:/home/vlad/ros2_foxy/install/tracetools_read:/home/vlad/ros2_foxy/install/test_launch_ros:/home/vlad/ros2_foxy/install/rpyutils:/home/vlad/ros2_foxy/install/rosidl_runtime_py:/home/vlad/ros2_foxy/install/launch_yaml:/home/vlad/ros2_foxy/install/launch_xml:/home/vlad/ros2_foxy/install/launch_testing:/home/vlad/ros2_foxy/install/launch:/home/vlad/ros2_foxy/install/osrf_pycommon:/home/vlad/ros2_foxy/install/domain_coordinator:/home/vlad/ros2_foxy/install/ament_xmllint:/home/vlad/ros2_foxy/install/ament_pyflakes:/home/vlad/ros2_foxy/install/ament_pycodestyle:/home/vlad/ros2_foxy/install/ament_pep257:/home/vlad/ros2_foxy/install/ament_pclint:/home/vlad/ros2_foxy/install/ament_package:/home/vlad/ros2_foxy/install/ament_mypy:/home/vlad/ros2_foxy/install/ament_lint_cmake:/home/vlad/ros2_foxy/install/ament_flake8:/home/vlad/ros2_foxy/install/ament_copyright:/home/vlad/ros2_foxy/install/ament_lint:/home/vlad/ros2_foxy/install/ament_index_python:/home/vlad/ros2_foxy/install/ament_cpplint:/home/vlad/ros2_foxy/install/ament_cppcheck:/home/vlad/ros2_foxy/install/ament_clang_tidy:/home/vlad/ros2_foxy/install/ament_clang_format:/opt/ros/foxy /usr/bin/cmake /home/vlad/ros2_ws/src/pose_interface -DCMAKE_INSTALL_PREFIX=/home/vlad/ros2_ws/install/pose_interface
[0.131s] -- The C compiler identification is GNU 9.3.0
[0.229s] -- The CXX compiler identification is GNU 9.3.0
[0.245s] -- Check for working C compiler: /usr/bin/cc
[0.355s] -- Check for working C compiler: /usr/bin/cc -- works
[0.356s] -- Detecting C compiler ABI info
[0.465s] -- Detecting C compiler ABI info - done
[0.476s] -- Detecting C compile features
[0.476s] -- Detecting C compile features - done
[0.478s] -- Check for working CXX compiler: /usr/bin/c++
[0.597s] -- Check for working CXX compiler: /usr/bin/c++ -- works
[0.598s] -- Detecting CXX compiler ABI info
[0.717s] -- Detecting CXX compiler ABI info - done
[0.727s] -- Detecting CXX compile features
[0.728s] -- Detecting CXX compile features - done
[0.744s] -- Found ament_cmake: 0.9.7 (/home/vlad/ros2_foxy/install/ament_cmake/share/ament_cmake/cmake)
[1.078s] -- Found PythonInterp: /usr/bin/python3 (found suitable version "3.8.5", minimum required is "3") 
[1.078s] -- Using PYTHON_EXECUTABLE: /usr/bin/python3
[1.820s] -- Found rosidl_default_generators: 1.0.0 (/home/vlad/ros2_foxy/install/rosidl_default_generators/share/rosidl_default_generators/cmake)
[1.955s] -- Using all available rosidl_typesupport_c: rosidl_typesupport_introspection_c;rosidl_typesupport_fastrtps_c
[1.996s] -- Found rosidl_adapter: 1.1.0 (/home/vlad/ros2_foxy/install/rosidl_adapter/share/rosidl_adapter/cmake)
[2.313s] -- Found OpenSSL: /usr/lib/x86_64-linux-gnu/libcrypto.so (found version "1.1.1f")  
[2.372s] -- Found FastRTPS: /home/vlad/ros2_foxy/install/fastrtps/include  
[2.571s] -- Using all available rosidl_typesupport_cpp: rosidl_typesupport_introspection_cpp;rosidl_typesupport_fastrtps_cpp
[2.930s] -- Found PythonInterp: /usr/bin/python3 (found version "3.8.5") 
[3.742s] -- Found ament_cmake_ros: 0.9.0 (/home/vlad/ros2_foxy/install/ament_cmake_ros/share/ament_cmake_ros/cmake)
[4.188s] -- Using all available rosidl_typesupport_c: rosidl_typesupport_introspection_c;rosidl_typesupport_fastrtps_c
[4.334s] -- Using all available rosidl_typesupport_cpp: rosidl_typesupport_introspection_cpp;rosidl_typesupport_fastrtps_cpp
[4.705s] -- Found PythonInterp: /usr/bin/python3 (found suitable version "3.8.5", minimum required is "3.5") 
[4.719s] -- Found python_cmake_module: 0.8.0 (/home/vlad/ros2_foxy/install/python_cmake_module/share/python_cmake_module/cmake)
[5.036s] -- Found PythonLibs: /usr/lib/x86_64-linux-gnu/libpython3.8.so (found suitable version "3.8.5", minimum required is "3.5") 
[5.036s] -- Using PYTHON_EXECUTABLE: /usr/bin/python3
[5.036s] -- Using PYTHON_INCLUDE_DIRS: /usr/include/python3.8
[5.036s] -- Using PYTHON_LIBRARIES: /usr/lib/x86_64-linux-gnu/libpython3.8.so
[5.344s] -- Found PythonExtra: .so  
[6.089s] -- Found ament_lint_auto: 0.9.5 (/home/vlad/ros2_foxy/install/ament_lint_auto/share/ament_lint_auto/cmake)
[6.226s] -- Added test 'copyright' to check source files copyright and LICENSE
[6.231s] -- Added test 'lint_cmake' to check CMake code style
[6.235s] -- Added test 'xmllint' to check XML markup files
[6.247s] -- Configuring done
[6.279s] -- Generating done
[6.281s] -- Build files have been written to: /home/vlad/ros2_ws/build/pose_interface
[6.288s] Invoked command in '/home/vlad/ros2_ws/build/pose_interface' returned '0': CMAKE_PREFIX_PATH=${CMAKE_PREFIX_PATH}:/home/vlad/dev_ws/install/py_srvcli:/home/vlad/ros2_ws/install/tfpose_ros2:/home/vlad/dev_ws/install/py_pubsub:/home/vlad/ros2_foxy/install/ros2bag:/home/vlad/ros2_foxy/install/tracetools_launch:/home/vlad/ros2_foxy/install/topic_monitor:/home/vlad/ros2_foxy/install/examples_tf2_py:/home/vlad/ros2_foxy/install/sros2:/home/vlad/ros2_foxy/install/rqt_topic:/home/vlad/ros2_foxy/install/rqt_reconfigure:/home/vlad/ros2_foxy/install/rqt_action:/home/vlad/ros2_foxy/install/rqt:/home/vlad/ros2_foxy/install/rqt_graph:/home/vlad/ros2_foxy/install/rqt_gui_py:/home/vlad/ros2_foxy/install/rqt_gui:/home/vlad/ros2_foxy/install/ros2trace:/home/vlad/ros2_foxy/install/ros2topic:/home/vlad/ros2_foxy/install/ros2test:/home/vlad/ros2_foxy/install/ros2component:/home/vlad/ros2_foxy/install/ros2param:/home/vlad/ros2_foxy/install/ros2lifecycle:/home/vlad/ros2_foxy/install/ros2service:/home/vlad/ros2_foxy/install/ros2run:/home/vlad/ros2_foxy/install/ros2launch:/home/vlad/ros2_foxy/install/ros2pkg:/home/vlad/ros2_foxy/install/ros2node:/home/vlad/ros2_foxy/install/ros2multicast:/home/vlad/ros2_foxy/install/ros2interface:/home/vlad/ros2_foxy/install/ros2doctor:/home/vlad/ros2_foxy/install/ros2action:/home/vlad/ros2_foxy/install/ros2cli:/home/vlad/ros2_foxy/install/quality_of_service_demo_py:/home/vlad/ros2_foxy/install/launch_testing_ros:/home/vlad/ros2_foxy/install/launch_ros:/home/vlad/ros2_foxy/install/examples_rclpy_minimal_subscriber:/home/vlad/ros2_foxy/install/examples_rclpy_minimal_service:/home/vlad/ros2_foxy/install/examples_rclpy_minimal_publisher:/home/vlad/ros2_foxy/install/examples_rclpy_minimal_client:/home/vlad/ros2_foxy/install/examples_rclpy_minimal_action_server:/home/vlad/ros2_foxy/install/examples_rclpy_minimal_action_client:/home/vlad/ros2_foxy/install/examples_rclpy_executors:/home/vlad/ros2_foxy/install/demo_nodes_py:/home/vlad/ros2_foxy/install/action_tutorials_py:/home/vlad/ros2_foxy/install/ament_uncrustify:/home/vlad/ros2_foxy/install/tracetools_trace:/home/vlad/ros2_foxy/install/tracetools_read:/home/vlad/ros2_foxy/install/test_launch_ros:/home/vlad/ros2_foxy/install/rpyutils:/home/vlad/ros2_foxy/install/rosidl_runtime_py:/home/vlad/ros2_foxy/install/launch_yaml:/home/vlad/ros2_foxy/install/launch_xml:/home/vlad/ros2_foxy/install/launch_testing:/home/vlad/ros2_foxy/install/launch:/home/vlad/ros2_foxy/install/osrf_pycommon:/home/vlad/ros2_foxy/install/domain_coordinator:/home/vlad/ros2_foxy/install/ament_xmllint:/home/vlad/ros2_foxy/install/ament_pyflakes:/home/vlad/ros2_foxy/install/ament_pycodestyle:/home/vlad/ros2_foxy/install/ament_pep257:/home/vlad/ros2_foxy/install/ament_pclint:/home/vlad/ros2_foxy/install/ament_package:/home/vlad/ros2_foxy/install/ament_mypy:/home/vlad/ros2_foxy/install/ament_lint_cmake:/home/vlad/ros2_foxy/install/ament_flake8:/home/vlad/ros2_foxy/install/ament_copyright:/home/vlad/ros2_foxy/install/ament_lint:/home/vlad/ros2_foxy/install/ament_index_python:/home/vlad/ros2_foxy/install/ament_cpplint:/home/vlad/ros2_foxy/install/ament_cppcheck:/home/vlad/ros2_foxy/install/ament_clang_tidy:/home/vlad/ros2_foxy/install/ament_clang_format:/opt/ros/foxy /usr/bin/cmake /home/vlad/ros2_ws/src/pose_interface -DCMAKE_INSTALL_PREFIX=/home/vlad/ros2_ws/install/pose_interface
[6.291s] Invoking command in '/home/vlad/ros2_ws/build/pose_interface': CMAKE_PREFIX_PATH=${CMAKE_PREFIX_PATH}:/home/vlad/dev_ws/install/py_srvcli:/home/vlad/ros2_ws/install/tfpose_ros2:/home/vlad/dev_ws/install/py_pubsub:/home/vlad/ros2_foxy/install/ros2bag:/home/vlad/ros2_foxy/install/tracetools_launch:/home/vlad/ros2_foxy/install/topic_monitor:/home/vlad/ros2_foxy/install/examples_tf2_py:/home/vlad/ros2_foxy/install/sros2:/home/vlad/ros2_foxy/install/rqt_topic:/home/vlad/ros2_foxy/install/rqt_reconfigure:/home/vlad/ros2_foxy/install/rqt_action:/home/vlad/ros2_foxy/install/rqt:/home/vlad/ros2_foxy/install/rqt_graph:/home/vlad/ros2_foxy/install/rqt_gui_py:/home/vlad/ros2_foxy/install/rqt_gui:/home/vlad/ros2_foxy/install/ros2trace:/home/vlad/ros2_foxy/install/ros2topic:/home/vlad/ros2_foxy/install/ros2test:/home/vlad/ros2_foxy/install/ros2component:/home/vlad/ros2_foxy/install/ros2param:/home/vlad/ros2_foxy/install/ros2lifecycle:/home/vlad/ros2_foxy/install/ros2service:/home/vlad/ros2_foxy/install/ros2run:/home/vlad/ros2_foxy/install/ros2launch:/home/vlad/ros2_foxy/install/ros2pkg:/home/vlad/ros2_foxy/install/ros2node:/home/vlad/ros2_foxy/install/ros2multicast:/home/vlad/ros2_foxy/install/ros2interface:/home/vlad/ros2_foxy/install/ros2doctor:/home/vlad/ros2_foxy/install/ros2action:/home/vlad/ros2_foxy/install/ros2cli:/home/vlad/ros2_foxy/install/quality_of_service_demo_py:/home/vlad/ros2_foxy/install/launch_testing_ros:/home/vlad/ros2_foxy/install/launch_ros:/home/vlad/ros2_foxy/install/examples_rclpy_minimal_subscriber:/home/vlad/ros2_foxy/install/examples_rclpy_minimal_service:/home/vlad/ros2_foxy/install/examples_rclpy_minimal_publisher:/home/vlad/ros2_foxy/install/examples_rclpy_minimal_client:/home/vlad/ros2_foxy/install/examples_rclpy_minimal_action_server:/home/vlad/ros2_foxy/install/examples_rclpy_minimal_action_client:/home/vlad/ros2_foxy/install/examples_rclpy_executors:/home/vlad/ros2_foxy/install/demo_nodes_py:/home/vlad/ros2_foxy/install/action_tutorials_py:/home/vlad/ros2_foxy/install/ament_uncrustify:/home/vlad/ros2_foxy/install/tracetools_trace:/home/vlad/ros2_foxy/install/tracetools_read:/home/vlad/ros2_foxy/install/test_launch_ros:/home/vlad/ros2_foxy/install/rpyutils:/home/vlad/ros2_foxy/install/rosidl_runtime_py:/home/vlad/ros2_foxy/install/launch_yaml:/home/vlad/ros2_foxy/install/launch_xml:/home/vlad/ros2_foxy/install/launch_testing:/home/vlad/ros2_foxy/install/launch:/home/vlad/ros2_foxy/install/osrf_pycommon:/home/vlad/ros2_foxy/install/domain_coordinator:/home/vlad/ros2_foxy/install/ament_xmllint:/home/vlad/ros2_foxy/install/ament_pyflakes:/home/vlad/ros2_foxy/install/ament_pycodestyle:/home/vlad/ros2_foxy/install/ament_pep257:/home/vlad/ros2_foxy/install/ament_pclint:/home/vlad/ros2_foxy/install/ament_package:/home/vlad/ros2_foxy/install/ament_mypy:/home/vlad/ros2_foxy/install/ament_lint_cmake:/home/vlad/ros2_foxy/install/ament_flake8:/home/vlad/ros2_foxy/install/ament_copyright:/home/vlad/ros2_foxy/install/ament_lint:/home/vlad/ros2_foxy/install/ament_index_python:/home/vlad/ros2_foxy/install/ament_cpplint:/home/vlad/ros2_foxy/install/ament_cppcheck:/home/vlad/ros2_foxy/install/ament_clang_tidy:/home/vlad/ros2_foxy/install/ament_clang_format:/opt/ros/foxy /usr/bin/cmake --build /home/vlad/ros2_ws/build/pose_interface -- -j12 -l12
[6.379s] [  1%] [34m[1mGenerating C code for ROS interfaces[0m
[6.379s] [35m[1mScanning dependencies of target pose_interface__cpp[0m
[6.403s] [  3%] [34m[1mGenerating C++ code for ROS interfaces[0m
[7.117s] [  3%] Built target pose_interface__cpp
[7.117s] [35m[1mScanning dependencies of target pose_interface__rosidl_generator_c[0m
[7.142s] [  7%] [34m[1mGenerating C++ type support for eProsima Fast-RTPS[0m
[7.143s] [  7%] [34m[1mGenerating C++ introspection for ROS interfaces[0m
[7.146s] [  9%] [32mBuilding C object CMakeFiles/pose_interface__rosidl_generator_c.dir/rosidl_generator_c/pose_interface/msg/detail/persons__functions.c.o[0m
[7.146s] [ 10%] [32mBuilding C object CMakeFiles/pose_interface__rosidl_generator_c.dir/rosidl_generator_c/pose_interface/srv/detail/get_pose__functions.c.o[0m
[7.150s] [ 12%] [34m[1mGenerating C++ type support dispatch for ROS interfaces[0m
[7.151s] [ 14%] [32mBuilding C object CMakeFiles/pose_interface__rosidl_generator_c.dir/rosidl_generator_c/pose_interface/msg/detail/person__functions.c.o[0m
[7.153s] [ 16%] [32mBuilding C object CMakeFiles/pose_interface__rosidl_generator_c.dir/rosidl_generator_c/pose_interface/msg/detail/body_part_elm__functions.c.o[0m
[7.164s] In file included from [01m[K/home/vlad/ros2_ws/build/pose_interface/rosidl_generator_c/pose_interface/msg/detail/persons__functions.h:19[m[K,
[7.165s]                  from [01m[K/home/vlad/ros2_ws/build/pose_interface/rosidl_generator_c/pose_interface/msg/detail/persons__functions.c:4[m[K:
[7.165s] [01m[K/home/vlad/ros2_ws/build/pose_interface/rosidl_generator_c/pose_interface/msg/detail/persons__struct.h:24:10:[m[K [01;31m[Kfatal error: [m[Kpose_interface/msg/detail/header__struct.h: No such file or directory
[7.165s]    24 | #include [01;31m[K"pose_interface/msg/detail/header__struct.h"[m[K
[7.165s]       |          [01;31m[K^~~~~~~~~~~~~~~~~~~~~~~~~~~~~~~~~~~~~~~~~~~~[m[K
[7.165s] compilation terminated.
[7.165s] make[2]: *** [CMakeFiles/pose_interface__rosidl_generator_c.dir/build.make:166: CMakeFiles/pose_interface__rosidl_generator_c.dir/rosidl_generator_c/pose_interface/msg/detail/persons__functions.c.o] Error 1
[7.165s] make[2]: *** Waiting for unfinished jobs....
[7.170s] In file included from [01m[K/home/vlad/ros2_ws/build/pose_interface/rosidl_generator_c/pose_interface/srv/detail/get_pose__struct.h:41[m[K,
[7.170s]                  from [01m[K/home/vlad/ros2_ws/build/pose_interface/rosidl_generator_c/pose_interface/srv/detail/get_pose__functions.h:19[m[K,
[7.170s]                  from [01m[K/home/vlad/ros2_ws/build/pose_interface/rosidl_generator_c/pose_interface/srv/detail/get_pose__functions.c:4[m[K:
[7.170s] [01m[K/home/vlad/ros2_ws/build/pose_interface/rosidl_generator_c/pose_interface/msg/detail/persons__struct.h:24:10:[m[K [01;31m[Kfatal error: [m[Kpose_interface/msg/detail/header__struct.h: No such file or directory
[7.170s]    24 | #include [01;31m[K"pose_interface/msg/detail/header__struct.h"[m[K
[7.170s]       |          [01;31m[K^~~~~~~~~~~~~~~~~~~~~~~~~~~~~~~~~~~~~~~~~~~~[m[K
[7.170s] compilation terminated.
[7.170s] make[2]: *** [CMakeFiles/pose_interface__rosidl_generator_c.dir/build.make:179: CMakeFiles/pose_interface__rosidl_generator_c.dir/rosidl_generator_c/pose_interface/srv/detail/get_pose__functions.c.o] Error 1
[7.200s] make[1]: *** [CMakeFiles/Makefile2:362: CMakeFiles/pose_interface__rosidl_generator_c.dir/all] Error 2
[7.200s] make[1]: *** Waiting for unfinished jobs....
[7.805s] [35m[1mScanning dependencies of target pose_interface__rosidl_typesupport_introspection_cpp[0m
[7.836s] [35m[1mScanning dependencies of target pose_interface__rosidl_typesupport_cpp[0m
[7.840s] [ 20%] [32mBuilding CXX object CMakeFiles/pose_interface__rosidl_typesupport_introspection_cpp.dir/rosidl_typesupport_introspection_cpp/pose_interface/msg/detail/body_part_elm__type_support.cpp.o[0m
[7.840s] [ 20%] [32mBuilding CXX object CMakeFiles/pose_interface__rosidl_typesupport_introspection_cpp.dir/rosidl_typesupport_introspection_cpp/pose_interface/msg/detail/persons__type_support.cpp.o[0m
[7.840s] [ 21%] [32mBuilding CXX object CMakeFiles/pose_interface__rosidl_typesupport_introspection_cpp.dir/rosidl_typesupport_introspection_cpp/pose_interface/msg/detail/person__type_support.cpp.o[0m
[7.840s] [ 23%] [32mBuilding CXX object CMakeFiles/pose_interface__rosidl_typesupport_introspection_cpp.dir/rosidl_typesupport_introspection_cpp/pose_interface/srv/detail/get_pose__type_support.cpp.o[0m
[7.840s] [35m[1mScanning dependencies of target pose_interface__rosidl_typesupport_fastrtps_cpp[0m
[7.873s] [ 25%] [32mBuilding CXX object CMakeFiles/pose_interface__rosidl_typesupport_cpp.dir/rosidl_typesupport_cpp/pose_interface/msg/person__type_support.cpp.o[0m
[7.874s] [ 27%] [32mBuilding CXX object CMakeFiles/pose_interface__rosidl_typesupport_cpp.dir/rosidl_typesupport_cpp/pose_interface/srv/get_pose__type_support.cpp.o[0m
[7.874s] [ 29%] [32mBuilding CXX object CMakeFiles/pose_interface__rosidl_typesupport_cpp.dir/rosidl_typesupport_cpp/pose_interface/msg/body_part_elm__type_support.cpp.o[0m
[7.877s] [ 30%] [32mBuilding CXX object CMakeFiles/pose_interface__rosidl_typesupport_cpp.dir/rosidl_typesupport_cpp/pose_interface/msg/persons__type_support.cpp.o[0m
[7.892s] [ 34%] [32mBuilding CXX object CMakeFiles/pose_interface__rosidl_typesupport_fastrtps_cpp.dir/rosidl_typesupport_fastrtps_cpp/pose_interface/msg/detail/dds_fastrtps/persons__type_support.cpp.o[0m
[7.892s] [ 34%] [32mBuilding CXX object CMakeFiles/pose_interface__rosidl_typesupport_fastrtps_cpp.dir/rosidl_typesupport_fastrtps_cpp/pose_interface/msg/detail/dds_fastrtps/person__type_support.cpp.o[0m
[7.894s] [ 36%] [32mBuilding CXX object CMakeFiles/pose_interface__rosidl_typesupport_fastrtps_cpp.dir/rosidl_typesupport_fastrtps_cpp/pose_interface/msg/detail/dds_fastrtps/body_part_elm__type_support.cpp.o[0m
[7.907s] [ 38%] [32mBuilding CXX object CMakeFiles/pose_interface__rosidl_typesupport_fastrtps_cpp.dir/rosidl_typesupport_fastrtps_cpp/pose_interface/srv/detail/dds_fastrtps/get_pose__type_support.cpp.o[0m
[7.931s] In file included from [01m[K/home/vlad/ros2_ws/build/pose_interface/rosidl_generator_cpp/pose_interface/srv/detail/get_pose__struct.hpp:126[m[K,
[7.931s]                  from [01m[K/home/vlad/ros2_ws/build/pose_interface/rosidl_typesupport_introspection_cpp/pose_interface/srv/detail/get_pose__type_support.cpp:12[m[K:
[7.932s] [01m[K/home/vlad/ros2_ws/build/pose_interface/rosidl_generator_cpp/pose_interface/msg/detail/persons__struct.hpp:21:10:[m[K [01;31m[Kfatal error: [m[Kpose_interface/msg/detail/header__struct.hpp: No such file or directory
[7.932s]    21 | #include [01;31m[K"pose_interface/msg/detail/header__struct.hpp"[m[K
[7.932s]       |          [01;31m[K^~~~~~~~~~~~~~~~~~~~~~~~~~~~~~~~~~~~~~~~~~~~~~[m[K
[7.932s] compilation terminated.
[7.933s] make[2]: *** [CMakeFiles/pose_interface__rosidl_typesupport_introspection_cpp.dir/build.make:138: CMakeFiles/pose_interface__rosidl_typesupport_introspection_cpp.dir/rosidl_typesupport_introspection_cpp/pose_interface/srv/detail/get_pose__type_support.cpp.o] Error 1
[7.933s] make[2]: *** Waiting for unfinished jobs....
[7.933s] In file included from [01m[K/home/vlad/ros2_ws/build/pose_interface/rosidl_typesupport_introspection_cpp/pose_interface/msg/detail/persons__type_support.cpp:12[m[K:
[7.933s] [01m[K/home/vlad/ros2_ws/build/pose_interface/rosidl_generator_cpp/pose_interface/msg/detail/persons__struct.hpp:21:10:[m[K [01;31m[Kfatal error: [m[Kpose_interface/msg/detail/header__struct.hpp: No such file or directory
[7.933s]    21 | #include [01;31m[K"pose_interface/msg/detail/header__struct.hpp"[m[K
[7.933s]       |          [01;31m[K^~~~~~~~~~~~~~~~~~~~~~~~~~~~~~~~~~~~~~~~~~~~~~[m[K
[7.933s] compilation terminated.
[7.934s] make[2]: *** [CMakeFiles/pose_interface__rosidl_typesupport_introspection_cpp.dir/build.make:125: CMakeFiles/pose_interface__rosidl_typesupport_introspection_cpp.dir/rosidl_typesupport_introspection_cpp/pose_interface/msg/detail/persons__type_support.cpp.o] Error 1
[7.968s] In file included from [01m[K/home/vlad/ros2_ws/build/pose_interface/rosidl_generator_cpp/pose_interface/srv/detail/get_pose__struct.hpp:126[m[K,
[7.968s]                  from [01m[K/home/vlad/ros2_ws/build/pose_interface/rosidl_typesupport_cpp/pose_interface/srv/get_pose__type_support.cpp:7[m[K:
[7.968s] [01m[K/home/vlad/ros2_ws/build/pose_interface/rosidl_generator_cpp/pose_interface/msg/detail/persons__struct.hpp:21:10:[m[K [01;31m[Kfatal error: [m[Kpose_interface/msg/detail/header__struct.hpp: No such file or directory
[7.969s]    21 | #include [01;31m[K"pose_interface/msg/detail/header__struct.hpp"[m[K
[7.969s]       |          [01;31m[K^~~~~~~~~~~~~~~~~~~~~~~~~~~~~~~~~~~~~~~~~~~~~~[m[K
[7.969s] compilation terminated.
[7.970s] make[2]: *** [CMakeFiles/pose_interface__rosidl_typesupport_cpp.dir/build.make:124: CMakeFiles/pose_interface__rosidl_typesupport_cpp.dir/rosidl_typesupport_cpp/pose_interface/srv/get_pose__type_support.cpp.o] Error 1
[7.970s] make[2]: *** Waiting for unfinished jobs....
[7.971s] In file included from [01m[K/home/vlad/ros2_ws/build/pose_interface/rosidl_typesupport_cpp/pose_interface/msg/persons__type_support.cpp:7[m[K:
[7.972s] [01m[K/home/vlad/ros2_ws/build/pose_interface/rosidl_generator_cpp/pose_interface/msg/detail/persons__struct.hpp:21:10:[m[K [01;31m[Kfatal error: [m[Kpose_interface/msg/detail/header__struct.hpp: No such file or directory
[7.972s]    21 | #include [01;31m[K"pose_interface/msg/detail/header__struct.hpp"[m[K
[7.972s]       |          [01;31m[K^~~~~~~~~~~~~~~~~~~~~~~~~~~~~~~~~~~~~~~~~~~~~~[m[K
[7.972s] compilation terminated.
[7.973s] make[2]: *** [CMakeFiles/pose_interface__rosidl_typesupport_cpp.dir/build.make:111: CMakeFiles/pose_interface__rosidl_typesupport_cpp.dir/rosidl_typesupport_cpp/pose_interface/msg/persons__type_support.cpp.o] Error 1
[7.992s] In file included from [01m[K/home/vlad/ros2_ws/build/pose_interface/rosidl_typesupport_fastrtps_cpp/pose_interface/msg/detail/persons__rosidl_typesupport_fastrtps_cpp.hpp:11[m[K,
[7.992s]                  from [01m[K/home/vlad/ros2_ws/build/pose_interface/rosidl_typesupport_fastrtps_cpp/pose_interface/msg/detail/dds_fastrtps/persons__type_support.cpp:4[m[K:
[7.992s] [01m[K/home/vlad/ros2_ws/build/pose_interface/rosidl_generator_cpp/pose_interface/msg/detail/persons__struct.hpp:21:10:[m[K [01;31m[Kfatal error: [m[Kpose_interface/msg/detail/header__struct.hpp: No such file or directory
[7.992s]    21 | #include [01;31m[K"pose_interface/msg/detail/header__struct.hpp"[m[K
[7.992s]       |          [01;31m[K^~~~~~~~~~~~~~~~~~~~~~~~~~~~~~~~~~~~~~~~~~~~~~[m[K
[7.992s] compilation terminated.
[7.993s] make[2]: *** [CMakeFiles/pose_interface__rosidl_typesupport_fastrtps_cpp.dir/build.make:125: CMakeFiles/pose_interface__rosidl_typesupport_fastrtps_cpp.dir/rosidl_typesupport_fastrtps_cpp/pose_interface/msg/detail/dds_fastrtps/persons__type_support.cpp.o] Error 1
[7.993s] make[2]: *** Waiting for unfinished jobs....
[8.010s] In file included from [01m[K/home/vlad/ros2_ws/build/pose_interface/rosidl_generator_cpp/pose_interface/srv/detail/get_pose__struct.hpp:126[m[K,
[8.010s]                  from [01m[K/home/vlad/ros2_ws/build/pose_interface/rosidl_typesupport_fastrtps_cpp/pose_interface/srv/detail/get_pose__rosidl_typesupport_fastrtps_cpp.hpp:11[m[K,
[8.010s]                  from [01m[K/home/vlad/ros2_ws/build/pose_interface/rosidl_typesupport_fastrtps_cpp/pose_interface/srv/detail/dds_fastrtps/get_pose__type_support.cpp:4[m[K:
[8.010s] [01m[K/home/vlad/ros2_ws/build/pose_interface/rosidl_generator_cpp/pose_interface/msg/detail/persons__struct.hpp:21:10:[m[K [01;31m[Kfatal error: [m[Kpose_interface/msg/detail/header__struct.hpp: No such file or directory
[8.010s]    21 | #include [01;31m[K"pose_interface/msg/detail/header__struct.hpp"[m[K
[8.010s]       |          [01;31m[K^~~~~~~~~~~~~~~~~~~~~~~~~~~~~~~~~~~~~~~~~~~~~~[m[K
[8.010s] compilation terminated.
[8.011s] make[2]: *** [CMakeFiles/pose_interface__rosidl_typesupport_fastrtps_cpp.dir/build.make:138: CMakeFiles/pose_interface__rosidl_typesupport_fastrtps_cpp.dir/rosidl_typesupport_fastrtps_cpp/pose_interface/srv/detail/dds_fastrtps/get_pose__type_support.cpp.o] Error 1
[8.256s] make[1]: *** [CMakeFiles/Makefile2:278: CMakeFiles/pose_interface__rosidl_typesupport_introspection_cpp.dir/all] Error 2
[8.280s] make[1]: *** [CMakeFiles/Makefile2:526: CMakeFiles/pose_interface__rosidl_typesupport_cpp.dir/all] Error 2
[8.347s] make[1]: *** [CMakeFiles/Makefile2:445: CMakeFiles/pose_interface__rosidl_typesupport_fastrtps_cpp.dir/all] Error 2
[8.347s] make: *** [Makefile:141: all] Error 2
[8.348s] Invoked command in '/home/vlad/ros2_ws/build/pose_interface' returned '2': CMAKE_PREFIX_PATH=${CMAKE_PREFIX_PATH}:/home/vlad/dev_ws/install/py_srvcli:/home/vlad/ros2_ws/install/tfpose_ros2:/home/vlad/dev_ws/install/py_pubsub:/home/vlad/ros2_foxy/install/ros2bag:/home/vlad/ros2_foxy/install/tracetools_launch:/home/vlad/ros2_foxy/install/topic_monitor:/home/vlad/ros2_foxy/install/examples_tf2_py:/home/vlad/ros2_foxy/install/sros2:/home/vlad/ros2_foxy/install/rqt_topic:/home/vlad/ros2_foxy/install/rqt_reconfigure:/home/vlad/ros2_foxy/install/rqt_action:/home/vlad/ros2_foxy/install/rqt:/home/vlad/ros2_foxy/install/rqt_graph:/home/vlad/ros2_foxy/install/rqt_gui_py:/home/vlad/ros2_foxy/install/rqt_gui:/home/vlad/ros2_foxy/install/ros2trace:/home/vlad/ros2_foxy/install/ros2topic:/home/vlad/ros2_foxy/install/ros2test:/home/vlad/ros2_foxy/install/ros2component:/home/vlad/ros2_foxy/install/ros2param:/home/vlad/ros2_foxy/install/ros2lifecycle:/home/vlad/ros2_foxy/install/ros2service:/home/vlad/ros2_foxy/install/ros2run:/home/vlad/ros2_foxy/install/ros2launch:/home/vlad/ros2_foxy/install/ros2pkg:/home/vlad/ros2_foxy/install/ros2node:/home/vlad/ros2_foxy/install/ros2multicast:/home/vlad/ros2_foxy/install/ros2interface:/home/vlad/ros2_foxy/install/ros2doctor:/home/vlad/ros2_foxy/install/ros2action:/home/vlad/ros2_foxy/install/ros2cli:/home/vlad/ros2_foxy/install/quality_of_service_demo_py:/home/vlad/ros2_foxy/install/launch_testing_ros:/home/vlad/ros2_foxy/install/launch_ros:/home/vlad/ros2_foxy/install/examples_rclpy_minimal_subscriber:/home/vlad/ros2_foxy/install/examples_rclpy_minimal_service:/home/vlad/ros2_foxy/install/examples_rclpy_minimal_publisher:/home/vlad/ros2_foxy/install/examples_rclpy_minimal_client:/home/vlad/ros2_foxy/install/examples_rclpy_minimal_action_server:/home/vlad/ros2_foxy/install/examples_rclpy_minimal_action_client:/home/vlad/ros2_foxy/install/examples_rclpy_executors:/home/vlad/ros2_foxy/install/demo_nodes_py:/home/vlad/ros2_foxy/install/action_tutorials_py:/home/vlad/ros2_foxy/install/ament_uncrustify:/home/vlad/ros2_foxy/install/tracetools_trace:/home/vlad/ros2_foxy/install/tracetools_read:/home/vlad/ros2_foxy/install/test_launch_ros:/home/vlad/ros2_foxy/install/rpyutils:/home/vlad/ros2_foxy/install/rosidl_runtime_py:/home/vlad/ros2_foxy/install/launch_yaml:/home/vlad/ros2_foxy/install/launch_xml:/home/vlad/ros2_foxy/install/launch_testing:/home/vlad/ros2_foxy/install/launch:/home/vlad/ros2_foxy/install/osrf_pycommon:/home/vlad/ros2_foxy/install/domain_coordinator:/home/vlad/ros2_foxy/install/ament_xmllint:/home/vlad/ros2_foxy/install/ament_pyflakes:/home/vlad/ros2_foxy/install/ament_pycodestyle:/home/vlad/ros2_foxy/install/ament_pep257:/home/vlad/ros2_foxy/install/ament_pclint:/home/vlad/ros2_foxy/install/ament_package:/home/vlad/ros2_foxy/install/ament_mypy:/home/vlad/ros2_foxy/install/ament_lint_cmake:/home/vlad/ros2_foxy/install/ament_flake8:/home/vlad/ros2_foxy/install/ament_copyright:/home/vlad/ros2_foxy/install/ament_lint:/home/vlad/ros2_foxy/install/ament_index_python:/home/vlad/ros2_foxy/install/ament_cpplint:/home/vlad/ros2_foxy/install/ament_cppcheck:/home/vlad/ros2_foxy/install/ament_clang_tidy:/home/vlad/ros2_foxy/install/ament_clang_format:/opt/ros/foxy /usr/bin/cmake --build /home/vlad/ros2_ws/build/pose_interface -- -j12 -l12
