[0.037s] Invoking command in '/home/vlad/ros2_ws/build/pose_interface': CMAKE_PREFIX_PATH=${CMAKE_PREFIX_PATH}:/home/vlad/dev_ws/install/py_srvcli:/home/vlad/ros2_ws/install/tfpose_ros2:/home/vlad/dev_ws/install/py_pubsub:/home/vlad/ros2_foxy/install/ros2bag:/home/vlad/ros2_foxy/install/tracetools_launch:/home/vlad/ros2_foxy/install/topic_monitor:/home/vlad/ros2_foxy/install/examples_tf2_py:/home/vlad/ros2_foxy/install/sros2:/home/vlad/ros2_foxy/install/rqt_topic:/home/vlad/ros2_foxy/install/rqt_reconfigure:/home/vlad/ros2_foxy/install/rqt_action:/home/vlad/ros2_foxy/install/rqt:/home/vlad/ros2_foxy/install/rqt_graph:/home/vlad/ros2_foxy/install/rqt_gui_py:/home/vlad/ros2_foxy/install/rqt_gui:/home/vlad/ros2_foxy/install/ros2trace:/home/vlad/ros2_foxy/install/ros2topic:/home/vlad/ros2_foxy/install/ros2test:/home/vlad/ros2_foxy/install/ros2component:/home/vlad/ros2_foxy/install/ros2param:/home/vlad/ros2_foxy/install/ros2lifecycle:/home/vlad/ros2_foxy/install/ros2service:/home/vlad/ros2_foxy/install/ros2run:/home/vlad/ros2_foxy/install/ros2launch:/home/vlad/ros2_foxy/install/ros2pkg:/home/vlad/ros2_foxy/install/ros2node:/home/vlad/ros2_foxy/install/ros2multicast:/home/vlad/ros2_foxy/install/ros2interface:/home/vlad/ros2_foxy/install/ros2doctor:/home/vlad/ros2_foxy/install/ros2action:/home/vlad/ros2_foxy/install/ros2cli:/home/vlad/ros2_foxy/install/quality_of_service_demo_py:/home/vlad/ros2_foxy/install/launch_testing_ros:/home/vlad/ros2_foxy/install/launch_ros:/home/vlad/ros2_foxy/install/examples_rclpy_minimal_subscriber:/home/vlad/ros2_foxy/install/examples_rclpy_minimal_service:/home/vlad/ros2_foxy/install/examples_rclpy_minimal_publisher:/home/vlad/ros2_foxy/install/examples_rclpy_minimal_client:/home/vlad/ros2_foxy/install/examples_rclpy_minimal_action_server:/home/vlad/ros2_foxy/install/examples_rclpy_minimal_action_client:/home/vlad/ros2_foxy/install/examples_rclpy_executors:/home/vlad/ros2_foxy/install/demo_nodes_py:/home/vlad/ros2_foxy/install/action_tutorials_py:/home/vlad/ros2_foxy/install/ament_uncrustify:/home/vlad/ros2_foxy/install/tracetools_trace:/home/vlad/ros2_foxy/install/tracetools_read:/home/vlad/ros2_foxy/install/test_launch_ros:/home/vlad/ros2_foxy/install/rpyutils:/home/vlad/ros2_foxy/install/rosidl_runtime_py:/home/vlad/ros2_foxy/install/launch_yaml:/home/vlad/ros2_foxy/install/launch_xml:/home/vlad/ros2_foxy/install/launch_testing:/home/vlad/ros2_foxy/install/launch:/home/vlad/ros2_foxy/install/osrf_pycommon:/home/vlad/ros2_foxy/install/domain_coordinator:/home/vlad/ros2_foxy/install/ament_xmllint:/home/vlad/ros2_foxy/install/ament_pyflakes:/home/vlad/ros2_foxy/install/ament_pycodestyle:/home/vlad/ros2_foxy/install/ament_pep257:/home/vlad/ros2_foxy/install/ament_pclint:/home/vlad/ros2_foxy/install/ament_package:/home/vlad/ros2_foxy/install/ament_mypy:/home/vlad/ros2_foxy/install/ament_lint_cmake:/home/vlad/ros2_foxy/install/ament_flake8:/home/vlad/ros2_foxy/install/ament_copyright:/home/vlad/ros2_foxy/install/ament_lint:/home/vlad/ros2_foxy/install/ament_index_python:/home/vlad/ros2_foxy/install/ament_cpplint:/home/vlad/ros2_foxy/install/ament_cppcheck:/home/vlad/ros2_foxy/install/ament_clang_tidy:/home/vlad/ros2_foxy/install/ament_clang_format:/opt/ros/foxy /usr/bin/cmake --build /home/vlad/ros2_ws/build/pose_interface -- -j12 -l12
[0.089s] -- Found ament_cmake: 0.9.7 (/home/vlad/ros2_foxy/install/ament_cmake/share/ament_cmake/cmake)
[0.399s] -- Found PythonInterp: /usr/bin/python3 (found suitable version "3.8.5", minimum required is "3") 
[0.399s] -- Using PYTHON_EXECUTABLE: /usr/bin/python3
[0.932s] -- Found rosidl_default_generators: 1.0.0 (/home/vlad/ros2_foxy/install/rosidl_default_generators/share/rosidl_default_generators/cmake)
[1.059s] -- Using all available rosidl_typesupport_c: rosidl_typesupport_introspection_c;rosidl_typesupport_fastrtps_c
[1.062s] -- Found rosidl_adapter: 1.1.0 (/home/vlad/ros2_foxy/install/rosidl_adapter/share/rosidl_adapter/cmake)
[1.312s] -- Using all available rosidl_typesupport_cpp: rosidl_typesupport_introspection_cpp;rosidl_typesupport_fastrtps_cpp
[1.347s] -- Found std_msgs: 2.0.3 (/home/vlad/ros2_foxy/install/std_msgs/share/std_msgs/cmake)
[1.745s] -- Found PythonInterp: /usr/bin/python3 (found version "3.8.5") 
[2.671s] -- Found ament_cmake_ros: 0.9.0 (/home/vlad/ros2_foxy/install/ament_cmake_ros/share/ament_cmake_ros/cmake)
[3.198s] -- Using all available rosidl_typesupport_c: rosidl_typesupport_introspection_c;rosidl_typesupport_fastrtps_c
[3.469s] -- Using all available rosidl_typesupport_cpp: rosidl_typesupport_introspection_cpp;rosidl_typesupport_fastrtps_cpp
[3.877s] -- Found PythonInterp: /usr/bin/python3 (found suitable version "3.8.5", minimum required is "3.5") 
[3.877s] -- Found python_cmake_module: 0.8.0 (/home/vlad/ros2_foxy/install/python_cmake_module/share/python_cmake_module/cmake)
[4.177s] -- Using PYTHON_EXECUTABLE: /usr/bin/python3
[4.177s] -- Using PYTHON_INCLUDE_DIRS: /usr/include/python3.8
[4.177s] -- Using PYTHON_LIBRARIES: /usr/lib/x86_64-linux-gnu/libpython3.8.so
[4.729s] -- Configuring done
[4.780s] -- Generating done
[4.783s] -- Build files have been written to: /home/vlad/ros2_ws/build/pose_interface
[4.832s] [35m[1mScanning dependencies of target pose_interface__rosidl_generator_c[0m
[4.855s] [  1%] Built target pose_interface__cpp
[4.856s] [  9%] [32mBuilding C object CMakeFiles/pose_interface__rosidl_generator_c.dir/rosidl_generator_c/pose_interface/srv/detail/get_pose__functions.c.o[0m
[4.857s] [  9%] [32mBuilding C object CMakeFiles/pose_interface__rosidl_generator_c.dir/rosidl_generator_c/pose_interface/msg/detail/body_part_elm__functions.c.o[0m
[4.857s] [  9%] [32mBuilding C object CMakeFiles/pose_interface__rosidl_generator_c.dir/rosidl_generator_c/pose_interface/msg/detail/person__functions.c.o[0m
[4.857s] [  9%] [32mBuilding C object CMakeFiles/pose_interface__rosidl_generator_c.dir/rosidl_generator_c/pose_interface/msg/detail/persons__functions.c.o[0m
[4.877s] In file included from [01m[K/home/vlad/ros2_ws/build/pose_interface/rosidl_generator_c/pose_interface/msg/detail/persons__functions.h:19[m[K,
[4.878s]                  from [01m[K/home/vlad/ros2_ws/build/pose_interface/rosidl_generator_c/pose_interface/msg/detail/persons__functions.c:4[m[K:
[4.878s] [01m[K/home/vlad/ros2_ws/build/pose_interface/rosidl_generator_c/pose_interface/msg/detail/persons__struct.h:24:10:[m[K [01;31m[Kfatal error: [m[Kpose_interface/msg/detail/header__struct.h: No such file or directory
[4.878s]    24 | #include [01;31m[K"pose_interface/msg/detail/header__struct.h"[m[K
[4.878s]       |          [01;31m[K^~~~~~~~~~~~~~~~~~~~~~~~~~~~~~~~~~~~~~~~~~~~[m[K
[4.878s] compilation terminated.
[4.878s] make[2]: *** [CMakeFiles/pose_interface__rosidl_generator_c.dir/build.make:198: CMakeFiles/pose_interface__rosidl_generator_c.dir/rosidl_generator_c/pose_interface/msg/detail/persons__functions.c.o] Error 1
[4.878s] make[2]: *** Waiting for unfinished jobs....
[4.882s] In file included from [01m[K/home/vlad/ros2_ws/build/pose_interface/rosidl_generator_c/pose_interface/srv/detail/get_pose__struct.h:41[m[K,
[4.882s]                  from [01m[K/home/vlad/ros2_ws/build/pose_interface/rosidl_generator_c/pose_interface/srv/detail/get_pose__functions.h:19[m[K,
[4.883s]                  from [01m[K/home/vlad/ros2_ws/build/pose_interface/rosidl_generator_c/pose_interface/srv/detail/get_pose__functions.c:4[m[K:
[4.883s] [01m[K/home/vlad/ros2_ws/build/pose_interface/rosidl_generator_c/pose_interface/msg/detail/persons__struct.h:24:10:[m[K [01;31m[Kfatal error: [m[Kpose_interface/msg/detail/header__struct.h: No such file or directory
[4.883s]    24 | #include [01;31m[K"pose_interface/msg/detail/header__struct.h"[m[K
[4.883s]       |          [01;31m[K^~~~~~~~~~~~~~~~~~~~~~~~~~~~~~~~~~~~~~~~~~~~[m[K
[4.883s] compilation terminated.
[4.883s] [35m[1mScanning dependencies of target pose_interface__rosidl_typesupport_cpp[0m
[4.883s] make[2]: *** [CMakeFiles/pose_interface__rosidl_generator_c.dir/build.make:211: CMakeFiles/pose_interface__rosidl_generator_c.dir/rosidl_generator_c/pose_interface/srv/detail/get_pose__functions.c.o] Error 1
[4.886s] [35m[1mScanning dependencies of target pose_interface__rosidl_typesupport_fastrtps_cpp[0m
[4.891s] [35m[1mScanning dependencies of target pose_interface__rosidl_typesupport_introspection_cpp[0m
[4.896s] make[1]: *** [CMakeFiles/Makefile2:362: CMakeFiles/pose_interface__rosidl_generator_c.dir/all] Error 2
[4.896s] make[1]: *** Waiting for unfinished jobs....
[4.921s] [ 14%] [32mBuilding CXX object CMakeFiles/pose_interface__rosidl_typesupport_cpp.dir/rosidl_typesupport_cpp/pose_interface/msg/person__type_support.cpp.o[0m
[4.921s] [ 14%] [32mBuilding CXX object CMakeFiles/pose_interface__rosidl_typesupport_cpp.dir/rosidl_typesupport_cpp/pose_interface/msg/persons__type_support.cpp.o[0m
[4.922s] [ 14%] [32mBuilding CXX object CMakeFiles/pose_interface__rosidl_typesupport_cpp.dir/rosidl_typesupport_cpp/pose_interface/srv/get_pose__type_support.cpp.o[0m
[4.922s] [ 16%] [32mBuilding CXX object CMakeFiles/pose_interface__rosidl_typesupport_cpp.dir/rosidl_typesupport_cpp/pose_interface/msg/body_part_elm__type_support.cpp.o[0m
[4.924s] [ 18%] [32mBuilding CXX object CMakeFiles/pose_interface__rosidl_typesupport_fastrtps_cpp.dir/rosidl_typesupport_fastrtps_cpp/pose_interface/msg/detail/dds_fastrtps/persons__type_support.cpp.o[0m
[4.925s] [ 20%] [32mBuilding CXX object CMakeFiles/pose_interface__rosidl_typesupport_fastrtps_cpp.dir/rosidl_typesupport_fastrtps_cpp/pose_interface/msg/detail/dds_fastrtps/body_part_elm__type_support.cpp.o[0m
[4.927s] [ 21%] [32mBuilding CXX object CMakeFiles/pose_interface__rosidl_typesupport_fastrtps_cpp.dir/rosidl_typesupport_fastrtps_cpp/pose_interface/msg/detail/dds_fastrtps/person__type_support.cpp.o[0m
[4.927s] [ 23%] [32mBuilding CXX object CMakeFiles/pose_interface__rosidl_typesupport_fastrtps_cpp.dir/rosidl_typesupport_fastrtps_cpp/pose_interface/srv/detail/dds_fastrtps/get_pose__type_support.cpp.o[0m
[4.934s] [ 25%] [32mBuilding CXX object CMakeFiles/pose_interface__rosidl_typesupport_introspection_cpp.dir/rosidl_typesupport_introspection_cpp/pose_interface/msg/detail/person__type_support.cpp.o[0m
[4.935s] [ 27%] [32mBuilding CXX object CMakeFiles/pose_interface__rosidl_typesupport_introspection_cpp.dir/rosidl_typesupport_introspection_cpp/pose_interface/msg/detail/body_part_elm__type_support.cpp.o[0m
[4.937s] [ 29%] [32mBuilding CXX object CMakeFiles/pose_interface__rosidl_typesupport_introspection_cpp.dir/rosidl_typesupport_introspection_cpp/pose_interface/msg/detail/persons__type_support.cpp.o[0m
[4.941s] [ 30%] [32mBuilding CXX object CMakeFiles/pose_interface__rosidl_typesupport_introspection_cpp.dir/rosidl_typesupport_introspection_cpp/pose_interface/srv/detail/get_pose__type_support.cpp.o[0m
[5.026s] In file included from [01m[K/home/vlad/ros2_ws/build/pose_interface/rosidl_typesupport_cpp/pose_interface/msg/persons__type_support.cpp:7[m[K:
[5.027s] [01m[K/home/vlad/ros2_ws/build/pose_interface/rosidl_generator_cpp/pose_interface/msg/detail/persons__struct.hpp:21:10:[m[K [01;31m[Kfatal error: [m[Kpose_interface/msg/detail/header__struct.hpp: No such file or directory
[5.027s]    21 | #include [01;31m[K"pose_interface/msg/detail/header__struct.hpp"[m[K
[5.027s]       |          [01;31m[K^~~~~~~~~~~~~~~~~~~~~~~~~~~~~~~~~~~~~~~~~~~~~~[m[K
[5.027s] compilation terminated.
[5.028s] make[2]: *** [CMakeFiles/pose_interface__rosidl_typesupport_cpp.dir/build.make:143: CMakeFiles/pose_interface__rosidl_typesupport_cpp.dir/rosidl_typesupport_cpp/pose_interface/msg/persons__type_support.cpp.o] Error 1
[5.028s] make[2]: *** Waiting for unfinished jobs....
[5.031s] In file included from [01m[K/home/vlad/ros2_ws/build/pose_interface/rosidl_generator_cpp/pose_interface/srv/detail/get_pose__struct.hpp:126[m[K,
[5.031s]                  from [01m[K/home/vlad/ros2_ws/build/pose_interface/rosidl_typesupport_cpp/pose_interface/srv/get_pose__type_support.cpp:7[m[K:
[5.031s] [01m[K/home/vlad/ros2_ws/build/pose_interface/rosidl_generator_cpp/pose_interface/msg/detail/persons__struct.hpp:21:10:[m[K [01;31m[Kfatal error: [m[Kpose_interface/msg/detail/header__struct.hpp: No such file or directory
[5.031s]    21 | #include [01;31m[K"pose_interface/msg/detail/header__struct.hpp"[m[K
[5.031s]       |          [01;31m[K^~~~~~~~~~~~~~~~~~~~~~~~~~~~~~~~~~~~~~~~~~~~~~[m[K
[5.031s] compilation terminated.
[5.032s] make[2]: *** [CMakeFiles/pose_interface__rosidl_typesupport_cpp.dir/build.make:156: CMakeFiles/pose_interface__rosidl_typesupport_cpp.dir/rosidl_typesupport_cpp/pose_interface/srv/get_pose__type_support.cpp.o] Error 1
[5.040s] In file included from [01m[K/home/vlad/ros2_ws/build/pose_interface/rosidl_generator_cpp/pose_interface/srv/detail/get_pose__struct.hpp:126[m[K,
[5.041s]                  from [01m[K/home/vlad/ros2_ws/build/pose_interface/rosidl_typesupport_introspection_cpp/pose_interface/srv/detail/get_pose__type_support.cpp:12[m[K:
[5.041s] [01m[K/home/vlad/ros2_ws/build/pose_interface/rosidl_generator_cpp/pose_interface/msg/detail/persons__struct.hpp:21:10:[m[K [01;31m[Kfatal error: [m[Kpose_interface/msg/detail/header__struct.hpp: No such file or directory
[5.041s]    21 | #include [01;31m[K"pose_interface/msg/detail/header__struct.hpp"[m[K
[5.041s]       |          [01;31m[K^~~~~~~~~~~~~~~~~~~~~~~~~~~~~~~~~~~~~~~~~~~~~~[m[K
[5.041s] compilation terminated.
[5.042s] make[2]: *** [CMakeFiles/pose_interface__rosidl_typesupport_introspection_cpp.dir/build.make:170: CMakeFiles/pose_interface__rosidl_typesupport_introspection_cpp.dir/rosidl_typesupport_introspection_cpp/pose_interface/srv/detail/get_pose__type_support.cpp.o] Error 1
[5.042s] make[2]: *** Waiting for unfinished jobs....
[5.045s] In file included from [01m[K/home/vlad/ros2_ws/build/pose_interface/rosidl_typesupport_introspection_cpp/pose_interface/msg/detail/persons__type_support.cpp:12[m[K:
[5.045s] [01m[K/home/vlad/ros2_ws/build/pose_interface/rosidl_generator_cpp/pose_interface/msg/detail/persons__struct.hpp:21:10:[m[K [01;31m[Kfatal error: [m[Kpose_interface/msg/detail/header__struct.hpp: No such file or directory
[5.045s]    21 | #include [01;31m[K"pose_interface/msg/detail/header__struct.hpp"[m[K
[5.045s]       |          [01;31m[K^~~~~~~~~~~~~~~~~~~~~~~~~~~~~~~~~~~~~~~~~~~~~~[m[K
[5.045s] compilation terminated.
[5.046s] make[2]: *** [CMakeFiles/pose_interface__rosidl_typesupport_introspection_cpp.dir/build.make:157: CMakeFiles/pose_interface__rosidl_typesupport_introspection_cpp.dir/rosidl_typesupport_introspection_cpp/pose_interface/msg/detail/persons__type_support.cpp.o] Error 1
[5.047s] In file included from [01m[K/home/vlad/ros2_ws/build/pose_interface/rosidl_typesupport_fastrtps_cpp/pose_interface/msg/detail/persons__rosidl_typesupport_fastrtps_cpp.hpp:11[m[K,
[5.047s]                  from [01m[K/home/vlad/ros2_ws/build/pose_interface/rosidl_typesupport_fastrtps_cpp/pose_interface/msg/detail/dds_fastrtps/persons__type_support.cpp:4[m[K:
[5.047s] [01m[K/home/vlad/ros2_ws/build/pose_interface/rosidl_generator_cpp/pose_interface/msg/detail/persons__struct.hpp:21:10:[m[K [01;31m[Kfatal error: [m[Kpose_interface/msg/detail/header__struct.hpp: No such file or directory
[5.047s]    21 | #include [01;31m[K"pose_interface/msg/detail/header__struct.hpp"[m[K
[5.047s]       |          [01;31m[K^~~~~~~~~~~~~~~~~~~~~~~~~~~~~~~~~~~~~~~~~~~~~~[m[K
[5.047s] compilation terminated.
[5.048s] In file included from [01m[K/home/vlad/ros2_ws/build/pose_interface/rosidl_generator_cpp/pose_interface/srv/detail/get_pose__struct.hpp:126[m[K,
[5.048s]                  from [01m[K/home/vlad/ros2_ws/build/pose_interface/rosidl_typesupport_fastrtps_cpp/pose_interface/srv/detail/get_pose__rosidl_typesupport_fastrtps_cpp.hpp:11[m[K,
[5.048s]                  from [01m[K/home/vlad/ros2_ws/build/pose_interface/rosidl_typesupport_fastrtps_cpp/pose_interface/srv/detail/dds_fastrtps/get_pose__type_support.cpp:4[m[K:
[5.048s] [01m[K/home/vlad/ros2_ws/build/pose_interface/rosidl_generator_cpp/pose_interface/msg/detail/persons__struct.hpp:21:10:[m[K [01;31m[Kfatal error: [m[Kpose_interface/msg/detail/header__struct.hpp: No such file or directory
[5.048s]    21 | #include [01;31m[K"pose_interface/msg/detail/header__struct.hpp"[m[K
[5.048s]       |          [01;31m[K^~~~~~~~~~~~~~~~~~~~~~~~~~~~~~~~~~~~~~~~~~~~~~[m[K
[5.048s] compilation terminated.
[5.048s] make[2]: *** [CMakeFiles/pose_interface__rosidl_typesupport_fastrtps_cpp.dir/build.make:157: CMakeFiles/pose_interface__rosidl_typesupport_fastrtps_cpp.dir/rosidl_typesupport_fastrtps_cpp/pose_interface/msg/detail/dds_fastrtps/persons__type_support.cpp.o] Error 1
[5.049s] make[2]: *** Waiting for unfinished jobs....
[5.049s] make[2]: *** [CMakeFiles/pose_interface__rosidl_typesupport_fastrtps_cpp.dir/build.make:170: CMakeFiles/pose_interface__rosidl_typesupport_fastrtps_cpp.dir/rosidl_typesupport_fastrtps_cpp/pose_interface/srv/detail/dds_fastrtps/get_pose__type_support.cpp.o] Error 1
[5.331s] make[1]: *** [CMakeFiles/Makefile2:526: CMakeFiles/pose_interface__rosidl_typesupport_cpp.dir/all] Error 2
[5.373s] make[1]: *** [CMakeFiles/Makefile2:278: CMakeFiles/pose_interface__rosidl_typesupport_introspection_cpp.dir/all] Error 2
[5.526s] make[1]: *** [CMakeFiles/Makefile2:445: CMakeFiles/pose_interface__rosidl_typesupport_fastrtps_cpp.dir/all] Error 2
[5.526s] make: *** [Makefile:141: all] Error 2
[5.528s] Invoked command in '/home/vlad/ros2_ws/build/pose_interface' returned '2': CMAKE_PREFIX_PATH=${CMAKE_PREFIX_PATH}:/home/vlad/dev_ws/install/py_srvcli:/home/vlad/ros2_ws/install/tfpose_ros2:/home/vlad/dev_ws/install/py_pubsub:/home/vlad/ros2_foxy/install/ros2bag:/home/vlad/ros2_foxy/install/tracetools_launch:/home/vlad/ros2_foxy/install/topic_monitor:/home/vlad/ros2_foxy/install/examples_tf2_py:/home/vlad/ros2_foxy/install/sros2:/home/vlad/ros2_foxy/install/rqt_topic:/home/vlad/ros2_foxy/install/rqt_reconfigure:/home/vlad/ros2_foxy/install/rqt_action:/home/vlad/ros2_foxy/install/rqt:/home/vlad/ros2_foxy/install/rqt_graph:/home/vlad/ros2_foxy/install/rqt_gui_py:/home/vlad/ros2_foxy/install/rqt_gui:/home/vlad/ros2_foxy/install/ros2trace:/home/vlad/ros2_foxy/install/ros2topic:/home/vlad/ros2_foxy/install/ros2test:/home/vlad/ros2_foxy/install/ros2component:/home/vlad/ros2_foxy/install/ros2param:/home/vlad/ros2_foxy/install/ros2lifecycle:/home/vlad/ros2_foxy/install/ros2service:/home/vlad/ros2_foxy/install/ros2run:/home/vlad/ros2_foxy/install/ros2launch:/home/vlad/ros2_foxy/install/ros2pkg:/home/vlad/ros2_foxy/install/ros2node:/home/vlad/ros2_foxy/install/ros2multicast:/home/vlad/ros2_foxy/install/ros2interface:/home/vlad/ros2_foxy/install/ros2doctor:/home/vlad/ros2_foxy/install/ros2action:/home/vlad/ros2_foxy/install/ros2cli:/home/vlad/ros2_foxy/install/quality_of_service_demo_py:/home/vlad/ros2_foxy/install/launch_testing_ros:/home/vlad/ros2_foxy/install/launch_ros:/home/vlad/ros2_foxy/install/examples_rclpy_minimal_subscriber:/home/vlad/ros2_foxy/install/examples_rclpy_minimal_service:/home/vlad/ros2_foxy/install/examples_rclpy_minimal_publisher:/home/vlad/ros2_foxy/install/examples_rclpy_minimal_client:/home/vlad/ros2_foxy/install/examples_rclpy_minimal_action_server:/home/vlad/ros2_foxy/install/examples_rclpy_minimal_action_client:/home/vlad/ros2_foxy/install/examples_rclpy_executors:/home/vlad/ros2_foxy/install/demo_nodes_py:/home/vlad/ros2_foxy/install/action_tutorials_py:/home/vlad/ros2_foxy/install/ament_uncrustify:/home/vlad/ros2_foxy/install/tracetools_trace:/home/vlad/ros2_foxy/install/tracetools_read:/home/vlad/ros2_foxy/install/test_launch_ros:/home/vlad/ros2_foxy/install/rpyutils:/home/vlad/ros2_foxy/install/rosidl_runtime_py:/home/vlad/ros2_foxy/install/launch_yaml:/home/vlad/ros2_foxy/install/launch_xml:/home/vlad/ros2_foxy/install/launch_testing:/home/vlad/ros2_foxy/install/launch:/home/vlad/ros2_foxy/install/osrf_pycommon:/home/vlad/ros2_foxy/install/domain_coordinator:/home/vlad/ros2_foxy/install/ament_xmllint:/home/vlad/ros2_foxy/install/ament_pyflakes:/home/vlad/ros2_foxy/install/ament_pycodestyle:/home/vlad/ros2_foxy/install/ament_pep257:/home/vlad/ros2_foxy/install/ament_pclint:/home/vlad/ros2_foxy/install/ament_package:/home/vlad/ros2_foxy/install/ament_mypy:/home/vlad/ros2_foxy/install/ament_lint_cmake:/home/vlad/ros2_foxy/install/ament_flake8:/home/vlad/ros2_foxy/install/ament_copyright:/home/vlad/ros2_foxy/install/ament_lint:/home/vlad/ros2_foxy/install/ament_index_python:/home/vlad/ros2_foxy/install/ament_cpplint:/home/vlad/ros2_foxy/install/ament_cppcheck:/home/vlad/ros2_foxy/install/ament_clang_tidy:/home/vlad/ros2_foxy/install/ament_clang_format:/opt/ros/foxy /usr/bin/cmake --build /home/vlad/ros2_ws/build/pose_interface -- -j12 -l12
